\BOOKMARK [0][-]{chapter.1}{\376\377\000I\000n\000t\000r\000o\000d\000u\000c\000t\000i\000o\000n}{}% 1
\BOOKMARK [1][-]{section.1.1}{\376\377\000W\000h\000a\000t\000\040\000i\000s\000\040\000s\000d\000c\000A\000p\000p\000?}{chapter.1}% 2
\BOOKMARK [1][-]{section.1.2}{\376\377\000S\000t\000a\000t\000i\000s\000t\000i\000c\000a\000l\000\040\000D\000i\000s\000c\000l\000o\000s\000u\000r\000e\000\040\000C\000o\000n\000t\000r\000o\000l\000\040\000\050\000S\000D\000C\000\051}{chapter.1}% 3
\BOOKMARK [1][-]{section.1.3}{\376\377\000W\000h\000a\000t\000\040\000i\000s\000\040\000t\000h\000e\000\040\000p\000u\000r\000p\000o\000s\000e\000\040\000o\000f\000\040\000t\000h\000e\000\040\000m\000a\000n\000u\000a\000l\000?}{chapter.1}% 4
\BOOKMARK [1][-]{section.1.4}{\376\377\000B\000a\000c\000k\000g\000r\000o\000u\000n\000d\000\040\000l\000i\000t\000e\000r\000a\000t\000u\000r\000e\000\040\000o\000n\000\040\000S\000D\000C\000\040\000f\000o\000r\000\040\000m\000i\000c\000r\000o\000d\000a\000t\000a}{chapter.1}% 5
\BOOKMARK [1][-]{section.1.5}{\376\377\000O\000u\000t\000l\000i\000n\000e\000\040\000o\000f\000\040\000t\000h\000i\000s\000\040\000g\000u\000i\000d\000e}{chapter.1}% 6
\BOOKMARK [0][-]{chapter.2}{\376\377\000I\000n\000s\000t\000a\000l\000l\000a\000t\000i\000o\000n\000\040\000a\000n\000d\000\040\000u\000p\000d\000a\000t\000i\000n\000g}{}% 7
\BOOKMARK [1][-]{section.2.1}{\376\377\000I\000n\000s\000t\000a\000l\000l\000i\000n\000g\000\040\000R\000\040\000a\000n\000d\000\040\000R\000S\000t\000u\000d\000i\000o}{chapter.2}% 8
\BOOKMARK [1][-]{section.2.2}{\376\377\000I\000n\000s\000t\000a\000l\000l\000i\000n\000g\000\040\000s\000d\000c\000M\000i\000c\000r\000o\000\040\000p\000a\000c\000k\000a\000g\000e}{chapter.2}% 9
\BOOKMARK [1][-]{section.2.3}{\376\377\000L\000a\000u\000n\000c\000h\000i\000n\000g\000\040\000s\000d\000c\000A\000p\000p}{chapter.2}% 10
\BOOKMARK [1][-]{section.2.4}{\376\377\000U\000p\000d\000a\000t\000i\000n\000g\000\040\000R\000,\000\040\000R\000S\000t\000u\000d\000i\000o\000\040\000a\000n\000d\000\040\000t\000h\000e\000\040\000s\000d\000c\000M\000i\000c\000r\000o\000\040\000p\000a\000c\000k\000a\000g\000e}{chapter.2}% 11
\BOOKMARK [1][-]{section.2.5}{\376\377\000B\000u\000g\000\040\000r\000e\000p\000o\000r\000t\000i\000n\000g\000\040\000o\000n\000\040\000G\000i\000t\000H\000u\000b}{chapter.2}% 12
\BOOKMARK [0][-]{chapter.3}{\376\377\000I\000n\000t\000r\000o\000d\000u\000c\000t\000i\000o\000n\000\040\000t\000o\000\040\000s\000d\000c\000A\000p\000p}{}% 13
\BOOKMARK [1][-]{section.3.1}{\376\377\000S\000t\000a\000r\000t\000i\000n\000g\000\040\000s\000d\000c\000A\000p\000p}{chapter.3}% 14
\BOOKMARK [1][-]{section.3.2}{\376\377\000T\000a\000b\000\040\000a\000n\000d\000\040\000p\000a\000n\000e\000l\000\040\000s\000t\000r\000u\000c\000t\000u\000r\000e}{chapter.3}% 15
\BOOKMARK [1][-]{section.3.3}{\376\377\000I\000n\000-\000a\000p\000p\000\040\000h\000e\000l\000p}{chapter.3}% 16
\BOOKMARK [1][-]{section.3.4}{\376\377\000G\000e\000t\000t\000i\000n\000g\000\040\000s\000t\000a\000r\000t\000e\000d}{chapter.3}% 17
\BOOKMARK [1][-]{section.3.5}{\376\377\000S\000e\000t\000\040\000s\000t\000o\000r\000a\000g\000e\000\040\000p\000a\000t\000h}{chapter.3}% 18
\BOOKMARK [1][-]{section.3.6}{\376\377\000Q\000u\000i\000t\000i\000n\000g\000\040\000s\000d\000c\000A\000p\000p}{chapter.3}% 19
\BOOKMARK [0][-]{chapter.4}{\376\377\000L\000o\000a\000d\000i\000n\000g\000\040\000a\000n\000d\000\040\000P\000r\000e\000p\000a\000r\000i\000n\000g\000\040\000D\000a\000t\000a}{}% 20
\BOOKMARK [1][-]{section.4.1}{\376\377\000L\000o\000a\000d\000i\000n\000g\000\040\000d\000a\000t\000a}{chapter.4}% 21
\BOOKMARK [1][-]{section.4.2}{\376\377\000I\000n\000s\000p\000e\000c\000t\000\040\000a\000n\000d\000\040\000e\000x\000p\000l\000o\000r\000e\000\040\000d\000a\000t\000a}{chapter.4}% 22
\BOOKMARK [1][-]{section.4.3}{\376\377\000P\000r\000e\000p\000a\000r\000i\000n\000g\000\040\000d\000a\000t\000a}{chapter.4}% 23
\BOOKMARK [0][-]{chapter.5}{\376\377\000S\000e\000t\000u\000p\000\040\000a\000n\000o\000n\000y\000m\000i\000z\000a\000t\000i\000o\000n\000\040\000p\000r\000o\000b\000l\000e\000m}{}% 24
\BOOKMARK [1][-]{section.5.1}{\376\377\000V\000a\000r\000i\000a\000b\000l\000e\000\040\000s\000e\000l\000e\000c\000t\000i\000o\000n}{chapter.5}% 25
\BOOKMARK [1][-]{section.5.2}{\376\377\000S\000e\000t\000t\000i\000n\000g\000s}{chapter.5}% 26
\BOOKMARK [1][-]{section.5.3}{\376\377\000S\000u\000m\000m\000a\000r\000y\000\040\000v\000i\000e\000w}{chapter.5}% 27
\BOOKMARK [0][-]{chapter.6}{\376\377\000R\000i\000s\000k\000\040\000m\000e\000a\000s\000u\000r\000e\000m\000e\000n\000t}{}% 28
\BOOKMARK [1][-]{section.6.1}{\376\377\000S\000u\000m\000m\000a\000r\000y\000\040\000v\000i\000e\000w}{chapter.6}% 29
\BOOKMARK [1][-]{section.6.2}{\376\377\000D\000e\000t\000a\000i\000l\000e\000d\000\040\000v\000i\000e\000w}{chapter.6}% 30
\BOOKMARK [0][-]{chapter.7}{\376\377\000A\000n\000o\000n\000y\000m\000i\000z\000a\000t\000i\000o\000n\000\040\000m\000e\000t\000h\000o\000d\000s}{}% 31
\BOOKMARK [1][-]{section.7.1}{\376\377\000R\000e\000c\000o\000d\000i\000n\000g}{chapter.7}% 32
\BOOKMARK [1][-]{section.7.2}{\376\377\000k\000-\000A\000n\000o\000n\000y\000m\000i\000t\000y\000\040\000/\000\040\000l\000o\000c\000a\000l\000\040\000s\000u\000p\000p\000r\000e\000s\000s\000i\000o\000n}{chapter.7}% 33
\BOOKMARK [1][-]{section.7.3}{\376\377\000P\000R\000A\000M}{chapter.7}% 34
\BOOKMARK [1][-]{section.7.4}{\376\377\000S\000u\000p\000p\000r\000e\000s\000s\000\040\000v\000a\000l\000u\000e\000s\000\040\000w\000i\000t\000h\000\040\000h\000i\000g\000h\000\040\000r\000i\000s\000k}{chapter.7}% 35
\BOOKMARK [1][-]{section.7.5}{\376\377\000T\000o\000p\000/\000B\000o\000t\000t\000o\000m\000\040\000c\000o\000d\000i\000n\000g}{chapter.7}% 36
\BOOKMARK [1][-]{section.7.6}{\376\377\000M\000i\000c\000r\000o\000a\000g\000g\000r\000e\000g\000a\000t\000i\000o\000n}{chapter.7}% 37
\BOOKMARK [1][-]{section.7.7}{\376\377\000A\000d\000d\000i\000n\000g\000\040\000n\000o\000i\000s\000e}{chapter.7}% 38
\BOOKMARK [1][-]{section.7.8}{\376\377\000R\000a\000n\000k\000\040\000s\000w\000a\000p\000p\000i\000n\000g}{chapter.7}% 39
\BOOKMARK [1][-]{section.7.9}{\376\377\000U\000n\000d\000o}{chapter.7}% 40
\BOOKMARK [0][-]{chapter.8}{\376\377\000U\000t\000i\000l\000i\000t\000y\000\040\000m\000e\000a\000s\000u\000r\000e\000m\000e\000n\000t}{}% 41
\BOOKMARK [1][-]{section.8.1}{\376\377\000G\000e\000n\000e\000r\000a\000l\000\040\000u\000t\000i\000l\000i\000t\000y\000\040\000m\000e\000a\000s\000u\000r\000e\000s\000\040\000i\000n\000\040\000s\000d\000c\000A\000p\000p}{chapter.8}% 42
\BOOKMARK [1][-]{section.8.2}{\376\377\000C\000u\000s\000t\000o\000m\000i\000z\000e\000d\000\040\000u\000t\000i\000l\000i\000t\000y\000\040\000m\000e\000a\000s\000u\000r\000e\000s}{chapter.8}% 43
\BOOKMARK [0][-]{chapter.9}{\376\377\000E\000x\000p\000o\000r\000t\000\040\000d\000a\000t\000a\000\040\000a\000n\000d\000\040\000r\000e\000p\000o\000r\000t\000s}{}% 44
\BOOKMARK [1][-]{section.9.1}{\376\377\000E\000x\000p\000o\000r\000t\000\040\000a\000n\000o\000n\000y\000m\000i\000z\000e\000d\000\040\000d\000a\000t\000a\000s\000e\000t}{chapter.9}% 45
\BOOKMARK [1][-]{section.9.2}{\376\377\000E\000x\000p\000o\000r\000t\000i\000n\000g\000\040\000r\000e\000p\000o\000r\000t\000s}{chapter.9}% 46
\BOOKMARK [0][-]{chapter.10}{\376\377\000R\000e\000p\000r\000o\000d\000u\000c\000i\000b\000i\000l\000i\000t\000y}{}% 47
\BOOKMARK [1][-]{section.10.1}{\376\377\000E\000x\000p\000o\000r\000t\000i\000n\000g\000\040\000R\000\040\000s\000c\000r\000i\000p\000t}{chapter.10}% 48
\BOOKMARK [0][-]{chapter.11}{\376\377\000U\000n\000d\000o}{}% 49
\BOOKMARK [1][-]{section.11.1}{\376\377\000U\000n\000d\000o\000\040\000o\000n\000e\000\040\000s\000t\000e\000p}{chapter.11}% 50
\BOOKMARK [1][-]{section.11.2}{\376\377\000U\000n\000d\000o\000\040\000s\000e\000v\000e\000r\000a\000l\000\040\000s\000t\000e\000p\000s}{chapter.11}% 51
\BOOKMARK [0][-]{chapter.12}{\376\377\000C\000a\000s\000e\000\040\000S\000t\000u\000d\000i\000e\000s\000\040\000\050\000I\000l\000l\000u\000s\000t\000r\000a\000t\000i\000n\000g\000\040\000t\000h\000e\000\040\000S\000D\000C\000\040\000P\000r\000o\000c\000e\000s\000s\000\051}{}% 52
\BOOKMARK [1][-]{section.12.1}{\376\377\000C\000a\000s\000e\000\040\000s\000t\000u\000d\000y\000\040\0001\000-\000\040\000S\000U\000F}{chapter.12}% 53
\BOOKMARK [1][-]{section.12.2}{\376\377\000C\000a\000s\000e\000\040\000s\000t\000u\000d\000y\000\040\0002\000\040\000-\000\040\000P\000U\000F}{chapter.12}% 54
