This is pdfTeX, Version 3.14159265-2.6-1.40.16 (TeX Live 2015) (preloaded format=pdflatex 2016.1.11)  22 MAY 2019 16:19
entering extended mode
 restricted \write18 enabled.
 %&-line parsing enabled.
**sdcMicroGUImanual.tex
(./sdcMicroGUImanual.tex
LaTeX2e <2015/01/01>
Babel <3.9l> and hyphenation patterns for 79 languages loaded.
(./sphinxmanual.cls
Document Class: sphinxmanual 2017/03/26 v1.6 Document class (Sphinx manual)
(/usr/local/texlive/2015/texmf-dist/tex/latex/base/report.cls
Document Class: report 2014/09/29 v1.4h Standard LaTeX document class
(/usr/local/texlive/2015/texmf-dist/tex/latex/base/size10.clo
File: size10.clo 2014/09/29 v1.4h Standard LaTeX file (size option)
)
\c@part=\count79
\c@chapter=\count80
\c@section=\count81
\c@subsection=\count82
\c@subsubsection=\count83
\c@paragraph=\count84
\c@subparagraph=\count85
\c@figure=\count86
\c@table=\count87
\abovecaptionskip=\skip41
\belowcaptionskip=\skip42
\bibindent=\dimen102
))
(/usr/local/texlive/2015/texmf-dist/tex/latex/base/inputenc.sty
Package: inputenc 2015/03/17 v1.2c Input encoding file
\inpenc@prehook=\toks14
\inpenc@posthook=\toks15

(/usr/local/texlive/2015/texmf-dist/tex/latex/base/utf8.def
File: utf8.def 2014/09/29 v1.1m UTF-8 support for inputenc
Now handling font encoding OML ...
... no UTF-8 mapping file for font encoding OML
Now handling font encoding T1 ...
... processing UTF-8 mapping file for font encoding T1

(/usr/local/texlive/2015/texmf-dist/tex/latex/base/t1enc.dfu
File: t1enc.dfu 2014/09/29 v1.1m UTF-8 support for inputenc
   defining Unicode char U+00A1 (decimal 161)
   defining Unicode char U+00A3 (decimal 163)
   defining Unicode char U+00AB (decimal 171)
   defining Unicode char U+00BB (decimal 187)
   defining Unicode char U+00BF (decimal 191)
   defining Unicode char U+00C0 (decimal 192)
   defining Unicode char U+00C1 (decimal 193)
   defining Unicode char U+00C2 (decimal 194)
   defining Unicode char U+00C3 (decimal 195)
   defining Unicode char U+00C4 (decimal 196)
   defining Unicode char U+00C5 (decimal 197)
   defining Unicode char U+00C6 (decimal 198)
   defining Unicode char U+00C7 (decimal 199)
   defining Unicode char U+00C8 (decimal 200)
   defining Unicode char U+00C9 (decimal 201)
   defining Unicode char U+00CA (decimal 202)
   defining Unicode char U+00CB (decimal 203)
   defining Unicode char U+00CC (decimal 204)
   defining Unicode char U+00CD (decimal 205)
   defining Unicode char U+00CE (decimal 206)
   defining Unicode char U+00CF (decimal 207)
   defining Unicode char U+00D0 (decimal 208)
   defining Unicode char U+00D1 (decimal 209)
   defining Unicode char U+00D2 (decimal 210)
   defining Unicode char U+00D3 (decimal 211)
   defining Unicode char U+00D4 (decimal 212)
   defining Unicode char U+00D5 (decimal 213)
   defining Unicode char U+00D6 (decimal 214)
   defining Unicode char U+00D8 (decimal 216)
   defining Unicode char U+00D9 (decimal 217)
   defining Unicode char U+00DA (decimal 218)
   defining Unicode char U+00DB (decimal 219)
   defining Unicode char U+00DC (decimal 220)
   defining Unicode char U+00DD (decimal 221)
   defining Unicode char U+00DE (decimal 222)
   defining Unicode char U+00DF (decimal 223)
   defining Unicode char U+00E0 (decimal 224)
   defining Unicode char U+00E1 (decimal 225)
   defining Unicode char U+00E2 (decimal 226)
   defining Unicode char U+00E3 (decimal 227)
   defining Unicode char U+00E4 (decimal 228)
   defining Unicode char U+00E5 (decimal 229)
   defining Unicode char U+00E6 (decimal 230)
   defining Unicode char U+00E7 (decimal 231)
   defining Unicode char U+00E8 (decimal 232)
   defining Unicode char U+00E9 (decimal 233)
   defining Unicode char U+00EA (decimal 234)
   defining Unicode char U+00EB (decimal 235)
   defining Unicode char U+00EC (decimal 236)
   defining Unicode char U+00ED (decimal 237)
   defining Unicode char U+00EE (decimal 238)
   defining Unicode char U+00EF (decimal 239)
   defining Unicode char U+00F0 (decimal 240)
   defining Unicode char U+00F1 (decimal 241)
   defining Unicode char U+00F2 (decimal 242)
   defining Unicode char U+00F3 (decimal 243)
   defining Unicode char U+00F4 (decimal 244)
   defining Unicode char U+00F5 (decimal 245)
   defining Unicode char U+00F6 (decimal 246)
   defining Unicode char U+00F8 (decimal 248)
   defining Unicode char U+00F9 (decimal 249)
   defining Unicode char U+00FA (decimal 250)
   defining Unicode char U+00FB (decimal 251)
   defining Unicode char U+00FC (decimal 252)
   defining Unicode char U+00FD (decimal 253)
   defining Unicode char U+00FE (decimal 254)
   defining Unicode char U+00FF (decimal 255)
   defining Unicode char U+0102 (decimal 258)
   defining Unicode char U+0103 (decimal 259)
   defining Unicode char U+0104 (decimal 260)
   defining Unicode char U+0105 (decimal 261)
   defining Unicode char U+0106 (decimal 262)
   defining Unicode char U+0107 (decimal 263)
   defining Unicode char U+010C (decimal 268)
   defining Unicode char U+010D (decimal 269)
   defining Unicode char U+010E (decimal 270)
   defining Unicode char U+010F (decimal 271)
   defining Unicode char U+0110 (decimal 272)
   defining Unicode char U+0111 (decimal 273)
   defining Unicode char U+0118 (decimal 280)
   defining Unicode char U+0119 (decimal 281)
   defining Unicode char U+011A (decimal 282)
   defining Unicode char U+011B (decimal 283)
   defining Unicode char U+011E (decimal 286)
   defining Unicode char U+011F (decimal 287)
   defining Unicode char U+0130 (decimal 304)
   defining Unicode char U+0131 (decimal 305)
   defining Unicode char U+0132 (decimal 306)
   defining Unicode char U+0133 (decimal 307)
   defining Unicode char U+0139 (decimal 313)
   defining Unicode char U+013A (decimal 314)
   defining Unicode char U+013D (decimal 317)
   defining Unicode char U+013E (decimal 318)
   defining Unicode char U+0141 (decimal 321)
   defining Unicode char U+0142 (decimal 322)
   defining Unicode char U+0143 (decimal 323)
   defining Unicode char U+0144 (decimal 324)
   defining Unicode char U+0147 (decimal 327)
   defining Unicode char U+0148 (decimal 328)
   defining Unicode char U+014A (decimal 330)
   defining Unicode char U+014B (decimal 331)
   defining Unicode char U+0150 (decimal 336)
   defining Unicode char U+0151 (decimal 337)
   defining Unicode char U+0152 (decimal 338)
   defining Unicode char U+0153 (decimal 339)
   defining Unicode char U+0154 (decimal 340)
   defining Unicode char U+0155 (decimal 341)
   defining Unicode char U+0158 (decimal 344)
   defining Unicode char U+0159 (decimal 345)
   defining Unicode char U+015A (decimal 346)
   defining Unicode char U+015B (decimal 347)
   defining Unicode char U+015E (decimal 350)
   defining Unicode char U+015F (decimal 351)
   defining Unicode char U+0160 (decimal 352)
   defining Unicode char U+0161 (decimal 353)
   defining Unicode char U+0162 (decimal 354)
   defining Unicode char U+0163 (decimal 355)
   defining Unicode char U+0164 (decimal 356)
   defining Unicode char U+0165 (decimal 357)
   defining Unicode char U+016E (decimal 366)
   defining Unicode char U+016F (decimal 367)
   defining Unicode char U+0170 (decimal 368)
   defining Unicode char U+0171 (decimal 369)
   defining Unicode char U+0178 (decimal 376)
   defining Unicode char U+0179 (decimal 377)
   defining Unicode char U+017A (decimal 378)
   defining Unicode char U+017B (decimal 379)
   defining Unicode char U+017C (decimal 380)
   defining Unicode char U+017D (decimal 381)
   defining Unicode char U+017E (decimal 382)
   defining Unicode char U+200C (decimal 8204)
   defining Unicode char U+2013 (decimal 8211)
   defining Unicode char U+2014 (decimal 8212)
   defining Unicode char U+2018 (decimal 8216)
   defining Unicode char U+2019 (decimal 8217)
   defining Unicode char U+201A (decimal 8218)
   defining Unicode char U+201C (decimal 8220)
   defining Unicode char U+201D (decimal 8221)
   defining Unicode char U+201E (decimal 8222)
   defining Unicode char U+2030 (decimal 8240)
   defining Unicode char U+2031 (decimal 8241)
   defining Unicode char U+2039 (decimal 8249)
   defining Unicode char U+203A (decimal 8250)
   defining Unicode char U+2423 (decimal 9251)
)
Now handling font encoding OT1 ...
... processing UTF-8 mapping file for font encoding OT1

(/usr/local/texlive/2015/texmf-dist/tex/latex/base/ot1enc.dfu
File: ot1enc.dfu 2014/09/29 v1.1m UTF-8 support for inputenc
   defining Unicode char U+00A1 (decimal 161)
   defining Unicode char U+00A3 (decimal 163)
   defining Unicode char U+00B8 (decimal 184)
   defining Unicode char U+00BF (decimal 191)
   defining Unicode char U+00C5 (decimal 197)
   defining Unicode char U+00C6 (decimal 198)
   defining Unicode char U+00D8 (decimal 216)
   defining Unicode char U+00DF (decimal 223)
   defining Unicode char U+00E6 (decimal 230)
   defining Unicode char U+00EC (decimal 236)
   defining Unicode char U+00ED (decimal 237)
   defining Unicode char U+00EE (decimal 238)
   defining Unicode char U+00EF (decimal 239)
   defining Unicode char U+00F8 (decimal 248)
   defining Unicode char U+0131 (decimal 305)
   defining Unicode char U+0141 (decimal 321)
   defining Unicode char U+0142 (decimal 322)
   defining Unicode char U+0152 (decimal 338)
   defining Unicode char U+0153 (decimal 339)
   defining Unicode char U+2013 (decimal 8211)
   defining Unicode char U+2014 (decimal 8212)
   defining Unicode char U+2018 (decimal 8216)
   defining Unicode char U+2019 (decimal 8217)
   defining Unicode char U+201C (decimal 8220)
   defining Unicode char U+201D (decimal 8221)
)
Now handling font encoding OMS ...
... processing UTF-8 mapping file for font encoding OMS

(/usr/local/texlive/2015/texmf-dist/tex/latex/base/omsenc.dfu
File: omsenc.dfu 2014/09/29 v1.1m UTF-8 support for inputenc
   defining Unicode char U+00A7 (decimal 167)
   defining Unicode char U+00B6 (decimal 182)
   defining Unicode char U+00B7 (decimal 183)
   defining Unicode char U+2020 (decimal 8224)
   defining Unicode char U+2021 (decimal 8225)
   defining Unicode char U+2022 (decimal 8226)
)
Now handling font encoding OMX ...
... no UTF-8 mapping file for font encoding OMX
Now handling font encoding U ...
... no UTF-8 mapping file for font encoding U
   defining Unicode char U+00A9 (decimal 169)
   defining Unicode char U+00AA (decimal 170)
   defining Unicode char U+00AE (decimal 174)
   defining Unicode char U+00BA (decimal 186)
   defining Unicode char U+02C6 (decimal 710)
   defining Unicode char U+02DC (decimal 732)
   defining Unicode char U+200C (decimal 8204)
   defining Unicode char U+2026 (decimal 8230)
   defining Unicode char U+2122 (decimal 8482)
   defining Unicode char U+2423 (decimal 9251)
))
   defining Unicode char U+00A0 (decimal 160)
   defining Unicode char U+2500 (decimal 9472)
   defining Unicode char U+2502 (decimal 9474)
   defining Unicode char U+2514 (decimal 9492)
   defining Unicode char U+251C (decimal 9500)
   defining Unicode char U+2572 (decimal 9586)

(/usr/local/texlive/2015/texmf-dist/tex/latex/cmap/cmap.sty
Package: cmap 2008/03/06 v1.0h CMap support: searchable PDF
)
(/usr/local/texlive/2015/texmf-dist/tex/latex/base/fontenc.sty
Package: fontenc 2005/09/27 v1.99g Standard LaTeX package

(/usr/local/texlive/2015/texmf-dist/tex/latex/base/t1enc.def
File: t1enc.def 2005/09/27 v1.99g Standard LaTeX file
LaTeX Font Info:    Redeclaring font encoding T1 on input line 48.
)<<t1.cmap>>)
(/usr/local/texlive/2015/texmf-dist/tex/latex/amsmath/amsmath.sty
Package: amsmath 2013/01/14 v2.14 AMS math features
\@mathmargin=\skip43

For additional information on amsmath, use the `?' option.
(/usr/local/texlive/2015/texmf-dist/tex/latex/amsmath/amstext.sty
Package: amstext 2000/06/29 v2.01

(/usr/local/texlive/2015/texmf-dist/tex/latex/amsmath/amsgen.sty
File: amsgen.sty 1999/11/30 v2.0
\@emptytoks=\toks16
\ex@=\dimen103
))
(/usr/local/texlive/2015/texmf-dist/tex/latex/amsmath/amsbsy.sty
Package: amsbsy 1999/11/29 v1.2d
\pmbraise@=\dimen104
)
(/usr/local/texlive/2015/texmf-dist/tex/latex/amsmath/amsopn.sty
Package: amsopn 1999/12/14 v2.01 operator names
)
\inf@bad=\count88
LaTeX Info: Redefining \frac on input line 210.
\uproot@=\count89
\leftroot@=\count90
LaTeX Info: Redefining \overline on input line 306.
\classnum@=\count91
\DOTSCASE@=\count92
LaTeX Info: Redefining \ldots on input line 378.
LaTeX Info: Redefining \dots on input line 381.
LaTeX Info: Redefining \cdots on input line 466.
\Mathstrutbox@=\box26
\strutbox@=\box27
\big@size=\dimen105
LaTeX Font Info:    Redeclaring font encoding OML on input line 566.
LaTeX Font Info:    Redeclaring font encoding OMS on input line 567.
\macc@depth=\count93
\c@MaxMatrixCols=\count94
\dotsspace@=\muskip10
\c@parentequation=\count95
\dspbrk@lvl=\count96
\tag@help=\toks17
\row@=\count97
\column@=\count98
\maxfields@=\count99
\andhelp@=\toks18
\eqnshift@=\dimen106
\alignsep@=\dimen107
\tagshift@=\dimen108
\tagwidth@=\dimen109
\totwidth@=\dimen110
\lineht@=\dimen111
\@envbody=\toks19
\multlinegap=\skip44
\multlinetaggap=\skip45
\mathdisplay@stack=\toks20
LaTeX Info: Redefining \[ on input line 2665.
LaTeX Info: Redefining \] on input line 2666.
)
(/usr/local/texlive/2015/texmf-dist/tex/latex/amsfonts/amssymb.sty
Package: amssymb 2013/01/14 v3.01 AMS font symbols

(/usr/local/texlive/2015/texmf-dist/tex/latex/amsfonts/amsfonts.sty
Package: amsfonts 2013/01/14 v3.01 Basic AMSFonts support
\symAMSa=\mathgroup4
\symAMSb=\mathgroup5
LaTeX Font Info:    Overwriting math alphabet `\mathfrak' in version `bold'
(Font)                  U/euf/m/n --> U/euf/b/n on input line 106.
))
(/usr/local/texlive/2015/texmf-dist/tex/generic/babel/babel.sty
Package: babel 2014/09/25 3.9l The Babel package

(/usr/local/texlive/2015/texmf-dist/tex/generic/babel-english/english.ldf
Language: english 2012/08/20 v3.3p English support from the babel system

(/usr/local/texlive/2015/texmf-dist/tex/generic/babel/babel.def
File: babel.def 2014/09/25 3.9l Babel common definitions
\babel@savecnt=\count100
\U@D=\dimen112
)
\l@canadian = a dialect from \language\l@american 
\l@australian = a dialect from \language\l@british 
\l@newzealand = a dialect from \language\l@british 
))
(/usr/local/texlive/2015/texmf-dist/tex/latex/psnfss/times.sty
Package: times 2005/04/12 PSNFSS-v9.2a (SPQR) 
)
(/usr/local/texlive/2015/texmf-dist/tex/latex/fncychap/fncychap.sty
Package: fncychap 2007/07/30 v1.34 LaTeX package (Revised chapters)
\RW=\skip46
\mylen=\skip47
\myhi=\skip48
\px=\skip49
\py=\skip50
\pyy=\skip51
\pxx=\skip52
\c@AlphaCnt=\count101
\c@AlphaDecCnt=\count102
)
(./sphinx.sty
Package: sphinx 2018/03/11 v1.7.2 LaTeX package (Sphinx markup)

(/usr/local/texlive/2015/texmf-dist/tex/generic/oberdiek/ltxcmds.sty
Package: ltxcmds 2011/11/09 v1.22 LaTeX kernel commands for general use (HO)
)
(/usr/local/texlive/2015/texmf-dist/tex/latex/graphics/graphicx.sty
Package: graphicx 2014/10/28 v1.0g Enhanced LaTeX Graphics (DPC,SPQR)

(/usr/local/texlive/2015/texmf-dist/tex/latex/graphics/keyval.sty
Package: keyval 2014/10/28 v1.15 key=value parser (DPC)
\KV@toks@=\toks21
)
(/usr/local/texlive/2015/texmf-dist/tex/latex/graphics/graphics.sty
Package: graphics 2014/10/28 v1.0p Standard LaTeX Graphics (DPC,SPQR)

(/usr/local/texlive/2015/texmf-dist/tex/latex/graphics/trig.sty
Package: trig 1999/03/16 v1.09 sin cos tan (DPC)
)
(/usr/local/texlive/2015/texmf-dist/tex/latex/latexconfig/graphics.cfg
File: graphics.cfg 2010/04/23 v1.9 graphics configuration of TeX Live
)
Package graphics Info: Driver file: pdftex.def on input line 94.

(/usr/local/texlive/2015/texmf-dist/tex/latex/pdftex-def/pdftex.def
File: pdftex.def 2011/05/27 v0.06d Graphics/color for pdfTeX

(/usr/local/texlive/2015/texmf-dist/tex/generic/oberdiek/infwarerr.sty
Package: infwarerr 2010/04/08 v1.3 Providing info/warning/error messages (HO)
)
\Gread@gobject=\count103
))
\Gin@req@height=\dimen113
\Gin@req@width=\dimen114
)
(/usr/local/texlive/2015/texmf-dist/tex/latex/fancyhdr/fancyhdr.sty
\fancy@headwidth=\skip53
\f@ncyO@elh=\skip54
\f@ncyO@erh=\skip55
\f@ncyO@olh=\skip56
\f@ncyO@orh=\skip57
\f@ncyO@elf=\skip58
\f@ncyO@erf=\skip59
\f@ncyO@olf=\skip60
\f@ncyO@orf=\skip61
)
(/usr/local/texlive/2015/texmf-dist/tex/latex/base/textcomp.sty
Package: textcomp 2005/09/27 v1.99g Standard LaTeX package
Package textcomp Info: Sub-encoding information:
(textcomp)               5 = only ISO-Adobe without \textcurrency
(textcomp)               4 = 5 + \texteuro
(textcomp)               3 = 4 + \textohm
(textcomp)               2 = 3 + \textestimated + \textcurrency
(textcomp)               1 = TS1 - \textcircled - \t
(textcomp)               0 = TS1 (full)
(textcomp)             Font families with sub-encoding setting implement
(textcomp)             only a restricted character set as indicated.
(textcomp)             Family '?' is the default used for unknown fonts.
(textcomp)             See the documentation for details.
Package textcomp Info: Setting ? sub-encoding to TS1/1 on input line 79.

(/usr/local/texlive/2015/texmf-dist/tex/latex/base/ts1enc.def
File: ts1enc.def 2001/06/05 v3.0e (jk/car/fm) Standard LaTeX file
Now handling font encoding TS1 ...
... processing UTF-8 mapping file for font encoding TS1

(/usr/local/texlive/2015/texmf-dist/tex/latex/base/ts1enc.dfu
File: ts1enc.dfu 2014/09/29 v1.1m UTF-8 support for inputenc
   defining Unicode char U+00A2 (decimal 162)
   defining Unicode char U+00A3 (decimal 163)
   defining Unicode char U+00A4 (decimal 164)
   defining Unicode char U+00A5 (decimal 165)
   defining Unicode char U+00A6 (decimal 166)
   defining Unicode char U+00A7 (decimal 167)
   defining Unicode char U+00A8 (decimal 168)
   defining Unicode char U+00A9 (decimal 169)
   defining Unicode char U+00AA (decimal 170)
   defining Unicode char U+00AC (decimal 172)
   defining Unicode char U+00AE (decimal 174)
   defining Unicode char U+00AF (decimal 175)
   defining Unicode char U+00B0 (decimal 176)
   defining Unicode char U+00B1 (decimal 177)
   defining Unicode char U+00B2 (decimal 178)
   defining Unicode char U+00B3 (decimal 179)
   defining Unicode char U+00B4 (decimal 180)
   defining Unicode char U+00B5 (decimal 181)
   defining Unicode char U+00B6 (decimal 182)
   defining Unicode char U+00B7 (decimal 183)
   defining Unicode char U+00B9 (decimal 185)
   defining Unicode char U+00BA (decimal 186)
   defining Unicode char U+00BC (decimal 188)
   defining Unicode char U+00BD (decimal 189)
   defining Unicode char U+00BE (decimal 190)
   defining Unicode char U+00D7 (decimal 215)
   defining Unicode char U+00F7 (decimal 247)
   defining Unicode char U+0192 (decimal 402)
   defining Unicode char U+02C7 (decimal 711)
   defining Unicode char U+02D8 (decimal 728)
   defining Unicode char U+02DD (decimal 733)
   defining Unicode char U+0E3F (decimal 3647)
   defining Unicode char U+2016 (decimal 8214)
   defining Unicode char U+2020 (decimal 8224)
   defining Unicode char U+2021 (decimal 8225)
   defining Unicode char U+2022 (decimal 8226)
   defining Unicode char U+2030 (decimal 8240)
   defining Unicode char U+2031 (decimal 8241)
   defining Unicode char U+203B (decimal 8251)
   defining Unicode char U+203D (decimal 8253)
   defining Unicode char U+2044 (decimal 8260)
   defining Unicode char U+204E (decimal 8270)
   defining Unicode char U+2052 (decimal 8274)
   defining Unicode char U+20A1 (decimal 8353)
   defining Unicode char U+20A4 (decimal 8356)
   defining Unicode char U+20A6 (decimal 8358)
   defining Unicode char U+20A9 (decimal 8361)
   defining Unicode char U+20AB (decimal 8363)
   defining Unicode char U+20AC (decimal 8364)
   defining Unicode char U+20B1 (decimal 8369)
   defining Unicode char U+2103 (decimal 8451)
   defining Unicode char U+2116 (decimal 8470)
   defining Unicode char U+2117 (decimal 8471)
   defining Unicode char U+211E (decimal 8478)
   defining Unicode char U+2120 (decimal 8480)
   defining Unicode char U+2122 (decimal 8482)
   defining Unicode char U+2126 (decimal 8486)
   defining Unicode char U+2127 (decimal 8487)
   defining Unicode char U+212E (decimal 8494)
   defining Unicode char U+2190 (decimal 8592)
   defining Unicode char U+2191 (decimal 8593)
   defining Unicode char U+2192 (decimal 8594)
   defining Unicode char U+2193 (decimal 8595)
   defining Unicode char U+2329 (decimal 9001)
   defining Unicode char U+232A (decimal 9002)
   defining Unicode char U+2422 (decimal 9250)
   defining Unicode char U+25E6 (decimal 9702)
   defining Unicode char U+25EF (decimal 9711)
   defining Unicode char U+266A (decimal 9834)
))
LaTeX Info: Redefining \oldstylenums on input line 334.
Package textcomp Info: Setting cmr sub-encoding to TS1/0 on input line 349.
Package textcomp Info: Setting cmss sub-encoding to TS1/0 on input line 350.
Package textcomp Info: Setting cmtt sub-encoding to TS1/0 on input line 351.
Package textcomp Info: Setting cmvtt sub-encoding to TS1/0 on input line 352.
Package textcomp Info: Setting cmbr sub-encoding to TS1/0 on input line 353.
Package textcomp Info: Setting cmtl sub-encoding to TS1/0 on input line 354.
Package textcomp Info: Setting ccr sub-encoding to TS1/0 on input line 355.
Package textcomp Info: Setting ptm sub-encoding to TS1/4 on input line 356.
Package textcomp Info: Setting pcr sub-encoding to TS1/4 on input line 357.
Package textcomp Info: Setting phv sub-encoding to TS1/4 on input line 358.
Package textcomp Info: Setting ppl sub-encoding to TS1/3 on input line 359.
Package textcomp Info: Setting pag sub-encoding to TS1/4 on input line 360.
Package textcomp Info: Setting pbk sub-encoding to TS1/4 on input line 361.
Package textcomp Info: Setting pnc sub-encoding to TS1/4 on input line 362.
Package textcomp Info: Setting pzc sub-encoding to TS1/4 on input line 363.
Package textcomp Info: Setting bch sub-encoding to TS1/4 on input line 364.
Package textcomp Info: Setting put sub-encoding to TS1/5 on input line 365.
Package textcomp Info: Setting uag sub-encoding to TS1/5 on input line 366.
Package textcomp Info: Setting ugq sub-encoding to TS1/5 on input line 367.
Package textcomp Info: Setting ul8 sub-encoding to TS1/4 on input line 368.
Package textcomp Info: Setting ul9 sub-encoding to TS1/4 on input line 369.
Package textcomp Info: Setting augie sub-encoding to TS1/5 on input line 370.
Package textcomp Info: Setting dayrom sub-encoding to TS1/3 on input line 371.
Package textcomp Info: Setting dayroms sub-encoding to TS1/3 on input line 372.

Package textcomp Info: Setting pxr sub-encoding to TS1/0 on input line 373.
Package textcomp Info: Setting pxss sub-encoding to TS1/0 on input line 374.
Package textcomp Info: Setting pxtt sub-encoding to TS1/0 on input line 375.
Package textcomp Info: Setting txr sub-encoding to TS1/0 on input line 376.
Package textcomp Info: Setting txss sub-encoding to TS1/0 on input line 377.
Package textcomp Info: Setting txtt sub-encoding to TS1/0 on input line 378.
Package textcomp Info: Setting lmr sub-encoding to TS1/0 on input line 379.
Package textcomp Info: Setting lmdh sub-encoding to TS1/0 on input line 380.
Package textcomp Info: Setting lmss sub-encoding to TS1/0 on input line 381.
Package textcomp Info: Setting lmssq sub-encoding to TS1/0 on input line 382.
Package textcomp Info: Setting lmvtt sub-encoding to TS1/0 on input line 383.
Package textcomp Info: Setting lmtt sub-encoding to TS1/0 on input line 384.
Package textcomp Info: Setting qhv sub-encoding to TS1/0 on input line 385.
Package textcomp Info: Setting qag sub-encoding to TS1/0 on input line 386.
Package textcomp Info: Setting qbk sub-encoding to TS1/0 on input line 387.
Package textcomp Info: Setting qcr sub-encoding to TS1/0 on input line 388.
Package textcomp Info: Setting qcs sub-encoding to TS1/0 on input line 389.
Package textcomp Info: Setting qpl sub-encoding to TS1/0 on input line 390.
Package textcomp Info: Setting qtm sub-encoding to TS1/0 on input line 391.
Package textcomp Info: Setting qzc sub-encoding to TS1/0 on input line 392.
Package textcomp Info: Setting qhvc sub-encoding to TS1/0 on input line 393.
Package textcomp Info: Setting futs sub-encoding to TS1/4 on input line 394.
Package textcomp Info: Setting futx sub-encoding to TS1/4 on input line 395.
Package textcomp Info: Setting futj sub-encoding to TS1/4 on input line 396.
Package textcomp Info: Setting hlh sub-encoding to TS1/3 on input line 397.
Package textcomp Info: Setting hls sub-encoding to TS1/3 on input line 398.
Package textcomp Info: Setting hlst sub-encoding to TS1/3 on input line 399.
Package textcomp Info: Setting hlct sub-encoding to TS1/5 on input line 400.
Package textcomp Info: Setting hlx sub-encoding to TS1/5 on input line 401.
Package textcomp Info: Setting hlce sub-encoding to TS1/5 on input line 402.
Package textcomp Info: Setting hlcn sub-encoding to TS1/5 on input line 403.
Package textcomp Info: Setting hlcw sub-encoding to TS1/5 on input line 404.
Package textcomp Info: Setting hlcf sub-encoding to TS1/5 on input line 405.
Package textcomp Info: Setting pplx sub-encoding to TS1/3 on input line 406.
Package textcomp Info: Setting pplj sub-encoding to TS1/3 on input line 407.
Package textcomp Info: Setting ptmx sub-encoding to TS1/4 on input line 408.
Package textcomp Info: Setting ptmj sub-encoding to TS1/4 on input line 409.
)
(/usr/local/texlive/2015/texmf-dist/tex/latex/titlesec/titlesec.sty
Package: titlesec 2011/12/15 v2.10.0 Sectioning titles
\ttl@box=\box28
\beforetitleunit=\skip62
\aftertitleunit=\skip63
\ttl@plus=\dimen115
\ttl@minus=\dimen116
\ttl@toksa=\toks22
\titlewidth=\dimen117
\titlewidthlast=\dimen118
\titlewidthfirst=\dimen119
)
(/usr/local/texlive/2015/texmf-dist/tex/latex/tabulary/tabulary.sty
Package: tabulary 2014/06/11 v0.10 tabulary package (DPC)

(/usr/local/texlive/2015/texmf-dist/tex/latex/tools/array.sty
Package: array 2014/10/28 v2.4c Tabular extension package (FMi)
\col@sep=\dimen120
\extrarowheight=\dimen121
\NC@list=\toks23
\extratabsurround=\skip64
\backup@length=\skip65
)
\TY@count=\count104
\TY@linewidth=\dimen122
\tymin=\dimen123
\tymax=\dimen124
\TY@tablewidth=\dimen125
)
(/usr/local/texlive/2015/texmf-dist/tex/latex/tools/longtable.sty
Package: longtable 2014/10/28 v4.11 Multi-page Table package (DPC)
\LTleft=\skip66
\LTright=\skip67
\LTpre=\skip68
\LTpost=\skip69
\LTchunksize=\count105
\LTcapwidth=\dimen126
\LT@head=\box29
\LT@firsthead=\box30
\LT@foot=\box31
\LT@lastfoot=\box32
\LT@cols=\count106
\LT@rows=\count107
\c@LT@tables=\count108
\c@LT@chunks=\count109
\LT@p@ftn=\toks24
)
(/usr/local/texlive/2015/texmf-dist/tex/latex/varwidth/varwidth.sty
Package: varwidth 2009/03/30 ver 0.92;  Variable-width minipages
\@vwid@box=\box33
\sift@deathcycles=\count110
\@vwid@loff=\dimen127
\@vwid@roff=\dimen128
)
(./sphinxmulticell.sty
Package: sphinxmulticell 2017/02/23 v1.6 better span rows and columns of a tabl
e (Sphinx team)
\sphinx@TY@tablewidth=\dimen129
)
(/usr/local/texlive/2015/texmf-dist/tex/latex/base/makeidx.sty
Package: makeidx 2014/09/29 v1.0m Standard LaTeX package
)
(/usr/local/texlive/2015/texmf-dist/tex/latex/framed/framed.sty
Package: framed 2011/10/22 v 0.96: framed or shaded text with page breaks
\OuterFrameSep=\skip70
\fb@frw=\dimen130
\fb@frh=\dimen131
\FrameRule=\dimen132
\FrameSep=\dimen133
)
(/usr/local/texlive/2015/texmf-dist/tex/latex/xcolor/xcolor.sty
Package: xcolor 2007/01/21 v2.11 LaTeX color extensions (UK)

(/usr/local/texlive/2015/texmf-dist/tex/latex/latexconfig/color.cfg
File: color.cfg 2007/01/18 v1.5 color configuration of teTeX/TeXLive
)
Package xcolor Info: Driver file: pdftex.def on input line 225.
Package xcolor Info: Model `cmy' substituted by `cmy0' on input line 1337.
Package xcolor Info: Model `hsb' substituted by `rgb' on input line 1341.
Package xcolor Info: Model `RGB' extended on input line 1353.
Package xcolor Info: Model `HTML' substituted by `rgb' on input line 1355.
Package xcolor Info: Model `Hsb' substituted by `hsb' on input line 1356.
Package xcolor Info: Model `tHsb' substituted by `hsb' on input line 1357.
Package xcolor Info: Model `HSB' substituted by `hsb' on input line 1358.
Package xcolor Info: Model `Gray' substituted by `gray' on input line 1359.
Package xcolor Info: Model `wave' substituted by `hsb' on input line 1360.
)
(/usr/local/texlive/2015/texmf-dist/tex/latex/fancyvrb/fancyvrb.sty
Package: fancyvrb 2008/02/07

Style option: `fancyvrb' v2.7a, with DG/SPQR fixes, and firstline=lastline fix 
<2008/02/07> (tvz)
\FV@CodeLineNo=\count111
\FV@InFile=\read1
\FV@TabBox=\box34
\c@FancyVerbLine=\count112
\FV@StepNumber=\count113
\FV@OutFile=\write3
) (./footnotehyper-sphinx.sty
Package: footnotehyper-sphinx 2017/10/27 v1.7 hyperref aware footnote.sty for s
phinx (JFB)
\FNH@notes=\box35
\FNH@width=\dimen134
)
(/usr/local/texlive/2015/texmf-dist/tex/latex/float/float.sty
Package: float 2001/11/08 v1.3d Float enhancements (AL)
\c@float@type=\count114
\float@exts=\toks25
\float@box=\box36
\@float@everytoks=\toks26
\@floatcapt=\box37
)
(/usr/local/texlive/2015/texmf-dist/tex/latex/wrapfig/wrapfig.sty
\wrapoverhang=\dimen135
\WF@size=\dimen136
\c@WF@wrappedlines=\count115
\WF@box=\box38
\WF@everypar=\toks27
Package: wrapfig 2003/01/31  v 3.6
)
(/usr/local/texlive/2015/texmf-dist/tex/latex/parskip/parskip.sty
Package: parskip 2001/04/09 non-zero parskip adjustments
)
(/usr/local/texlive/2015/texmf-dist/tex/latex/base/alltt.sty
Package: alltt 1997/06/16 v2.0g defines alltt environment
)
(/usr/local/texlive/2015/texmf-dist/tex/latex/upquote/upquote.sty
Package: upquote 2012/04/19 v1.3 upright-quote and grave-accent glyphs in verba
tim
)
(/usr/local/texlive/2015/texmf-dist/tex/latex/capt-of/capt-of.sty
Package: capt-of 2009/12/29 v0.2 standard captions outside of floats
)
(/usr/local/texlive/2015/texmf-dist/tex/latex/needspace/needspace.sty
Package: needspace 2010/09/12 v1.3d reserve vertical space
)
(/usr/local/texlive/2015/texmf-dist/tex/latex/carlisle/remreset.sty)
(./sphinxhighlight.sty
Package: sphinxhighlight 2016/05/29 stylesheet for highlighting with pygments
)
(/usr/local/texlive/2015/texmf-dist/tex/latex/oberdiek/kvoptions.sty
Package: kvoptions 2011/06/30 v3.11 Key value format for package options (HO)

(/usr/local/texlive/2015/texmf-dist/tex/generic/oberdiek/kvsetkeys.sty
Package: kvsetkeys 2012/04/25 v1.16 Key value parser (HO)

(/usr/local/texlive/2015/texmf-dist/tex/generic/oberdiek/etexcmds.sty
Package: etexcmds 2011/02/16 v1.5 Avoid name clashes with e-TeX commands (HO)

(/usr/local/texlive/2015/texmf-dist/tex/generic/oberdiek/ifluatex.sty
Package: ifluatex 2010/03/01 v1.3 Provides the ifluatex switch (HO)
Package ifluatex Info: LuaTeX not detected.
)
Package etexcmds Info: Could not find \expanded.
(etexcmds)             That can mean that you are not using pdfTeX 1.50 or
(etexcmds)             that some package has redefined \expanded.
(etexcmds)             In the latter case, load this package earlier.
)))
\sphinxverbatimsep=\dimen137
\sphinxverbatimborder=\dimen138
\sphinxshadowsep=\dimen139
\sphinxshadowsize=\dimen140
\sphinxshadowrule=\dimen141
\spx@notice@border=\dimen142
\spx@image@box=\box39
\c@literalblock=\count116
\sphinxcontinuationbox=\box40
\sphinxvisiblespacebox=\box41
\sphinxVerbatim@TitleBox=\box42
\py@argswidth=\skip71
\lineblockindentation=\skip72
\DUlineblockindent=\skip73
)
(/usr/local/texlive/2015/texmf-dist/tex/latex/geometry/geometry.sty
Package: geometry 2010/09/12 v5.6 Page Geometry

(/usr/local/texlive/2015/texmf-dist/tex/generic/oberdiek/ifpdf.sty
Package: ifpdf 2011/01/30 v2.3 Provides the ifpdf switch (HO)
Package ifpdf Info: pdfTeX in PDF mode is detected.
)
(/usr/local/texlive/2015/texmf-dist/tex/generic/oberdiek/ifvtex.sty
Package: ifvtex 2010/03/01 v1.5 Detect VTeX and its facilities (HO)
Package ifvtex Info: VTeX not detected.
)
(/usr/local/texlive/2015/texmf-dist/tex/generic/ifxetex/ifxetex.sty
Package: ifxetex 2010/09/12 v0.6 Provides ifxetex conditional
)
\Gm@cnth=\count117
\Gm@cntv=\count118
\c@Gm@tempcnt=\count119
\Gm@bindingoffset=\dimen143
\Gm@wd@mp=\dimen144
\Gm@odd@mp=\dimen145
\Gm@even@mp=\dimen146
\Gm@layoutwidth=\dimen147
\Gm@layoutheight=\dimen148
\Gm@layouthoffset=\dimen149
\Gm@layoutvoffset=\dimen150
\Gm@dimlist=\toks28
)
(/usr/local/texlive/2015/texmf-dist/tex/latex/hyperref/hyperref.sty
Package: hyperref 2012/11/06 v6.83m Hypertext links for LaTeX

(/usr/local/texlive/2015/texmf-dist/tex/generic/oberdiek/hobsub-hyperref.sty
Package: hobsub-hyperref 2012/05/28 v1.13 Bundle oberdiek, subset hyperref (HO)


(/usr/local/texlive/2015/texmf-dist/tex/generic/oberdiek/hobsub-generic.sty
Package: hobsub-generic 2012/05/28 v1.13 Bundle oberdiek, subset generic (HO)
Package: hobsub 2012/05/28 v1.13 Construct package bundles (HO)
Package hobsub Info: Skipping package `infwarerr' (already loaded).
Package hobsub Info: Skipping package `ltxcmds' (already loaded).
Package hobsub Info: Skipping package `ifluatex' (already loaded).
Package hobsub Info: Skipping package `ifvtex' (already loaded).
Package: intcalc 2007/09/27 v1.1 Expandable calculations with integers (HO)
Package hobsub Info: Skipping package `ifpdf' (already loaded).
Package hobsub Info: Skipping package `etexcmds' (already loaded).
Package hobsub Info: Skipping package `kvsetkeys' (already loaded).
Package: kvdefinekeys 2011/04/07 v1.3 Define keys (HO)
Package: pdftexcmds 2011/11/29 v0.20 Utility functions of pdfTeX for LuaTeX (HO
)
Package pdftexcmds Info: LuaTeX not detected.
Package pdftexcmds Info: \pdf@primitive is available.
Package pdftexcmds Info: \pdf@ifprimitive is available.
Package pdftexcmds Info: \pdfdraftmode found.
Package: pdfescape 2011/11/25 v1.13 Implements pdfTeX's escape features (HO)
Package: bigintcalc 2012/04/08 v1.3 Expandable calculations on big integers (HO
)
Package: bitset 2011/01/30 v1.1 Handle bit-vector datatype (HO)
Package: uniquecounter 2011/01/30 v1.2 Provide unlimited unique counter (HO)
)
Package hobsub Info: Skipping package `hobsub' (already loaded).
Package: letltxmacro 2010/09/02 v1.4 Let assignment for LaTeX macros (HO)
Package: hopatch 2012/05/28 v1.2 Wrapper for package hooks (HO)
Package: xcolor-patch 2011/01/30 xcolor patch
Package: atveryend 2011/06/30 v1.8 Hooks at the very end of document (HO)
Package atveryend Info: \enddocument detected (standard20110627).
Package: atbegshi 2011/10/05 v1.16 At begin shipout hook (HO)
Package: refcount 2011/10/16 v3.4 Data extraction from label references (HO)
Package: hycolor 2011/01/30 v1.7 Color options for hyperref/bookmark (HO)
)
(/usr/local/texlive/2015/texmf-dist/tex/latex/oberdiek/auxhook.sty
Package: auxhook 2011/03/04 v1.3 Hooks for auxiliary files (HO)
)
\@linkdim=\dimen151
\Hy@linkcounter=\count120
\Hy@pagecounter=\count121

(/usr/local/texlive/2015/texmf-dist/tex/latex/hyperref/pd1enc.def
File: pd1enc.def 2012/11/06 v6.83m Hyperref: PDFDocEncoding definition (HO)
Now handling font encoding PD1 ...
... no UTF-8 mapping file for font encoding PD1
)
\Hy@SavedSpaceFactor=\count122

(/usr/local/texlive/2015/texmf-dist/tex/latex/latexconfig/hyperref.cfg
File: hyperref.cfg 2002/06/06 v1.2 hyperref configuration of TeXLive
)
Package hyperref Info: Option `unicode' set `true' on input line 4319.

(/usr/local/texlive/2015/texmf-dist/tex/latex/hyperref/puenc.def
File: puenc.def 2012/11/06 v6.83m Hyperref: PDF Unicode definition (HO)
Now handling font encoding PU ...
... no UTF-8 mapping file for font encoding PU
)
Package hyperref Info: Option `colorlinks' set `true' on input line 4319.
Package hyperref Info: Option `breaklinks' set `true' on input line 4319.
Package hyperref Info: Hyper figures OFF on input line 4443.
Package hyperref Info: Link nesting OFF on input line 4448.
Package hyperref Info: Hyper index ON on input line 4451.
Package hyperref Info: Plain pages OFF on input line 4458.
Package hyperref Info: Backreferencing OFF on input line 4463.
Package hyperref Info: Implicit mode ON; LaTeX internals redefined.
Package hyperref Info: Bookmarks ON on input line 4688.
\c@Hy@tempcnt=\count123

(/usr/local/texlive/2015/texmf-dist/tex/latex/url/url.sty
\Urlmuskip=\muskip11
Package: url 2013/09/16  ver 3.4  Verb mode for urls, etc.
)
LaTeX Info: Redefining \url on input line 5041.
\XeTeXLinkMargin=\dimen152
\Fld@menulength=\count124
\Field@Width=\dimen153
\Fld@charsize=\dimen154
Package hyperref Info: Hyper figures OFF on input line 6295.
Package hyperref Info: Link nesting OFF on input line 6300.
Package hyperref Info: Hyper index ON on input line 6303.
Package hyperref Info: backreferencing OFF on input line 6310.
Package hyperref Info: Link coloring ON on input line 6313.
Package hyperref Info: Link coloring with OCG OFF on input line 6320.
Package hyperref Info: PDF/A mode OFF on input line 6325.
LaTeX Info: Redefining \ref on input line 6365.
LaTeX Info: Redefining \pageref on input line 6369.
\Hy@abspage=\count125
\c@Item=\count126
\c@Hfootnote=\count127
)

Package hyperref Message: Driver (autodetected): hpdftex.

(/usr/local/texlive/2015/texmf-dist/tex/latex/hyperref/hpdftex.def
File: hpdftex.def 2012/11/06 v6.83m Hyperref driver for pdfTeX
\Fld@listcount=\count128
\c@bookmark@seq@number=\count129

(/usr/local/texlive/2015/texmf-dist/tex/latex/oberdiek/rerunfilecheck.sty
Package: rerunfilecheck 2011/04/15 v1.7 Rerun checks for auxiliary files (HO)
Package uniquecounter Info: New unique counter `rerunfilecheck' on input line 2
82.
)
\Hy@SectionHShift=\skip74
)
(/usr/local/texlive/2015/texmf-dist/tex/latex/oberdiek/hypcap.sty
Package: hypcap 2011/02/16 v1.11 Adjusting the anchors of captions (HO)
)
\@indexfile=\write4
\openout4 = `sdcMicroGUImanual.idx'.


Writing index file sdcMicroGUImanual.idx
(./sdcMicroGUImanual.aux)
\openout1 = `sdcMicroGUImanual.aux'.

LaTeX Font Info:    Checking defaults for OML/cmm/m/it on input line 66.
LaTeX Font Info:    ... okay on input line 66.
LaTeX Font Info:    Checking defaults for T1/cmr/m/n on input line 66.
LaTeX Font Info:    ... okay on input line 66.
LaTeX Font Info:    Checking defaults for OT1/cmr/m/n on input line 66.
LaTeX Font Info:    ... okay on input line 66.
LaTeX Font Info:    Checking defaults for OMS/cmsy/m/n on input line 66.
LaTeX Font Info:    ... okay on input line 66.
LaTeX Font Info:    Checking defaults for OMX/cmex/m/n on input line 66.
LaTeX Font Info:    ... okay on input line 66.
LaTeX Font Info:    Checking defaults for U/cmr/m/n on input line 66.
LaTeX Font Info:    ... okay on input line 66.
LaTeX Font Info:    Checking defaults for TS1/cmr/m/n on input line 66.
LaTeX Font Info:    Try loading font information for TS1+cmr on input line 66.

(/usr/local/texlive/2015/texmf-dist/tex/latex/base/ts1cmr.fd
File: ts1cmr.fd 2014/09/29 v2.5h Standard LaTeX font definitions
)
LaTeX Font Info:    ... okay on input line 66.
LaTeX Font Info:    Checking defaults for PD1/pdf/m/n on input line 66.
LaTeX Font Info:    ... okay on input line 66.
LaTeX Font Info:    Checking defaults for PU/pdf/m/n on input line 66.
LaTeX Font Info:    ... okay on input line 66.
LaTeX Font Info:    Try loading font information for T1+ptm on input line 66.

(/usr/local/texlive/2015/texmf-dist/tex/latex/psnfss/t1ptm.fd
File: t1ptm.fd 2001/06/04 font definitions for T1/ptm.
)
(/usr/local/texlive/2015/texmf-dist/tex/context/base/supp-pdf.mkii
[Loading MPS to PDF converter (version 2006.09.02).]
\scratchcounter=\count130
\scratchdimen=\dimen155
\scratchbox=\box43
\nofMPsegments=\count131
\nofMParguments=\count132
\everyMPshowfont=\toks29
\MPscratchCnt=\count133
\MPscratchDim=\dimen156
\MPnumerator=\count134
\makeMPintoPDFobject=\count135
\everyMPtoPDFconversion=\toks30
) (/usr/local/texlive/2015/texmf-dist/tex/latex/oberdiek/epstopdf-base.sty
Package: epstopdf-base 2010/02/09 v2.5 Base part for package epstopdf

(/usr/local/texlive/2015/texmf-dist/tex/latex/oberdiek/grfext.sty
Package: grfext 2010/08/19 v1.1 Manage graphics extensions (HO)
)
Package grfext Info: Graphics extension search list:
(grfext)             [.png,.pdf,.jpg,.mps,.jpeg,.jbig2,.jb2,.PNG,.PDF,.JPG,.JPE
G,.JBIG2,.JB2,.eps]
(grfext)             \AppendGraphicsExtensions on input line 452.

(/usr/local/texlive/2015/texmf-dist/tex/latex/latexconfig/epstopdf-sys.cfg
File: epstopdf-sys.cfg 2010/07/13 v1.3 Configuration of (r)epstopdf for TeX Liv
e
))
*geometry* driver: auto-detecting
*geometry* detected driver: pdftex
*geometry* verbose mode - [ preamble ] result:
* driver: pdftex
* paper: letterpaper
* layout: <same size as paper>
* layoutoffset:(h,v)=(0.0pt,0.0pt)
* modes: twoside 
* h-part:(L,W,R)=(72.26999pt, 469.75502pt, 72.26999pt)
* v-part:(T,H,B)=(72.26999pt, 650.43001pt, 72.26999pt)
* \paperwidth=614.295pt
* \paperheight=794.96999pt
* \textwidth=469.75502pt
* \textheight=650.43001pt
* \oddsidemargin=0.0pt
* \evensidemargin=0.0pt
* \topmargin=-37.0pt
* \headheight=12.0pt
* \headsep=25.0pt
* \topskip=10.0pt
* \footskip=30.0pt
* \marginparwidth=36.135pt
* \marginparsep=11.0pt
* \columnsep=10.0pt
* \skip\footins=9.0pt plus 4.0pt minus 2.0pt
* \hoffset=0.0pt
* \voffset=0.0pt
* \mag=1000
* \@twocolumnfalse
* \@twosidetrue
* \@mparswitchtrue
* \@reversemarginfalse
* (1in=72.27pt=25.4mm, 1cm=28.453pt)

\AtBeginShipoutBox=\box44
Package hyperref Info: Link coloring ON on input line 66.
(/usr/local/texlive/2015/texmf-dist/tex/latex/hyperref/nameref.sty
Package: nameref 2012/10/27 v2.43 Cross-referencing by name of section

(/usr/local/texlive/2015/texmf-dist/tex/generic/oberdiek/gettitlestring.sty
Package: gettitlestring 2010/12/03 v1.4 Cleanup title references (HO)
)
\c@section@level=\count136
)
LaTeX Info: Redefining \ref on input line 66.
LaTeX Info: Redefining \pageref on input line 66.
LaTeX Info: Redefining \nameref on input line 66.
\@outlinefile=\write5
\openout5 = `sdcMicroGUImanual.out'.

Package hyperref Info: Option `pageanchor' set `false' on input line 69.
LaTeX Font Info:    Try loading font information for T1+phv on input line 69.

(/usr/local/texlive/2015/texmf-dist/tex/latex/psnfss/t1phv.fd
File: t1phv.fd 2001/06/04 scalable font definitions for T1/phv.
)
LaTeX Font Info:    Font shape `T1/phv/bx/n' in size <10> not available
(Font)              Font shape `T1/phv/b/n' tried instead on input line 69.
LaTeX Font Info:    Font shape `T1/phv/bx/n' in size <24.88> not available
(Font)              Font shape `T1/phv/b/n' tried instead on input line 69.
LaTeX Font Info:    Font shape `T1/phv/bx/it' in size <10> not available
(Font)              Font shape `T1/phv/b/it' tried instead on input line 69.
LaTeX Font Info:    Font shape `T1/phv/b/it' in size <10> not available
(Font)              Font shape `T1/phv/b/sl' tried instead on input line 69.
LaTeX Font Info:    Font shape `T1/phv/bx/it' in size <17.28> not available
(Font)              Font shape `T1/phv/b/it' tried instead on input line 69.
LaTeX Font Info:    Font shape `T1/phv/b/it' in size <17.28> not available
(Font)              Font shape `T1/phv/b/sl' tried instead on input line 69.
LaTeX Font Info:    Font shape `T1/phv/bx/n' in size <17.28> not available
(Font)              Font shape `T1/phv/b/n' tried instead on input line 69.
<<ot1.cmap>><<oml.cmap>><<oms.cmap>><<omx.cmap>>
LaTeX Font Info:    Try loading font information for U+msa on input line 69.

(/usr/local/texlive/2015/texmf-dist/tex/latex/amsfonts/umsa.fd
File: umsa.fd 2013/01/14 v3.01 AMS symbols A
)
LaTeX Font Info:    Try loading font information for U+msb on input line 69.

(/usr/local/texlive/2015/texmf-dist/tex/latex/amsfonts/umsb.fd
File: umsb.fd 2013/01/14 v3.01 AMS symbols B
)
LaTeX Font Info:    Font shape `T1/phv/bx/n' in size <12> not available
(Font)              Font shape `T1/phv/b/n' tried instead on input line 69.
 [1

{/usr/local/texlive/2015/texmf-var/fonts/map/pdftex/updmap/pdftex.map}] [2

]
LaTeX Font Info:    Font shape `T1/phv/bx/n' in size <14.4> not available
(Font)              Font shape `T1/phv/b/n' tried instead on input line 69.
\tf@toc=\write6
\openout6 = `sdcMicroGUImanual.toc'.

 [1

] [2

] [1]
[2

]
Chapter 1.
[3] [4]
Chapter 2.

LaTeX Warning: Hyper reference `installation:updating-r-rstudio-and-the-sdcmicr
o-package' on page 5 undefined on input line 185.


LaTeX Warning: Hyper reference `installation:fig21' on page 5 undefined on inpu
t line 193.

LaTeX Font Info:    Font shape `T1/ptm/bx/n' in size <10> not available
(Font)              Font shape `T1/ptm/b/n' tried instead on input line 193.

LaTeX Warning: Reference `installation:fig21' on page 5 undefined on input line
 193.

<installDownloadR.png, id=78, 455.301pt x 98.769pt>
LaTeX Font Info:    Try loading font information for T1+pcr on input line 200.

(/usr/local/texlive/2015/texmf-dist/tex/latex/psnfss/t1pcr.fd
File: t1pcr.fd 2001/06/04 font definitions for T1/pcr.
)
File: installDownloadR.png Graphic file (type png)

<use installDownloadR.png>
Package pdftex.def Info: installDownloadR.png used on input line 200.
(pdftex.def)             Requested size: 455.29988pt x 98.76874pt.


LaTeX Warning: Hyper reference `installation:fig22' on page 5 undefined on inpu
t line 207.


LaTeX Warning: Reference `installation:fig22' on page 5 undefined on input line
 207.

<installRStudioVersion.png, id=81, 975.645pt x 308.15125pt>
File: installRStudioVersion.png Graphic file (type png)

<use installRStudioVersion.png>
Package pdftex.def Info: installRStudioVersion.png used on input line 215.
(pdftex.def)             Requested size: 469.75502pt x 148.3717pt.


LaTeX Warning: Hyper reference `installation:updating-r' on page 5 undefined on
 input line 221.


LaTeX Warning: Hyper reference `installation:updating-rstudio' on page 5 undefi
ned on input line 221.

[5

 <./installDownloadR.png>]

LaTeX Warning: Hyper reference `installation:fig23' on page 6 undefined on inpu
t line 225.


LaTeX Warning: Reference `installation:fig23' on page 6 undefined on input line
 225.

<installRStudio.png, id=93, 1443.3925pt x 810.02625pt>
File: installRStudio.png Graphic file (type png)

<use installRStudio.png>
Package pdftex.def Info: installRStudio.png used on input line 245.
(pdftex.def)             Requested size: 469.75502pt x 263.6262pt.
 [6 <./installRStudioVersion.png> <./installRStudio.png>]

LaTeX Warning: Hyper reference `installation:fig24' on page 7 undefined on inpu
t line 262.


LaTeX Warning: Reference `installation:fig24' on page 7 undefined on input line
 262.


Underfull \hbox (badness 10000) in paragraph at lines 261--268
[]\T1/ptm/m/n/10 In or-der to in-stall the lat-est ver-sion of the \T1/ptm/m/it
/10 sd-cMi-cro \T1/ptm/m/n/10 pack-age, type the com-mand \T1/pcr/m/n/10 instal
l.
 []

Package hyperref Info: bookmark level for unknown literalblock defaults to 0 on
 input line 272.
LaTeX Font Info:    Font shape `T1/pcr/m/it' in size <9> not available
(Font)              Font shape `T1/pcr/m/sl' tried instead on input line 273.
LaTeX Font Info:    Font shape `T1/pcr/bx/n' in size <9> not available
(Font)              Font shape `T1/pcr/b/n' tried instead on input line 274.
<installInstallsdcMicro.png, id=107, 1185.42876pt x 530.98375pt>
File: installInstallsdcMicro.png Graphic file (type png)

<use installInstallsdcMicro.png>
Package pdftex.def Info: installInstallsdcMicro.png used on input line 281.
(pdftex.def)             Requested size: 469.75502pt x 210.4128pt.
LaTeX Font Info:    Font shape `T1/phv/bx/it' in size <14.4> not available
(Font)              Font shape `T1/phv/b/it' tried instead on input line 297.
LaTeX Font Info:    Font shape `T1/phv/b/it' in size <14.4> not available
(Font)              Font shape `T1/phv/b/sl' tried instead on input line 297.


Package hyperref Warning: Token not allowed in a PDF string (Unicode):
(hyperref)                removing `\sphinxstyleemphasis' on input line 297.

[7 <./installInstallsdcMicro.png>]
<installRconsoleIP.png, id=120, 922.44624pt x 470.75874pt>
File: installRconsoleIP.png Graphic file (type png)

<use installRconsoleIP.png>
Package pdftex.def Info: installRconsoleIP.png used on input line 323.
(pdftex.def)             Requested size: 469.75502pt x 239.73181pt.

<sdcAppStartIP.png, id=121, 1444.39626pt x 830.10126pt>
File: sdcAppStartIP.png Graphic file (type png)

<use sdcAppStartIP.png>
Package pdftex.def Info: sdcAppStartIP.png used on input line 330.
(pdftex.def)             Requested size: 469.75502pt x 269.96971pt.
 [8 <./installRconsoleIP.png>]

LaTeX Warning: Hyper reference `installation:installing-r-and-rstudio' on page 
9 undefined on input line 366.

<installRversion.png, id=132, 924.45375pt x 467.7475pt>
File: installRversion.png Graphic file (type png)

<use installRversion.png>
Package pdftex.def Info: installRversion.png used on input line 374.
(pdftex.def)             Requested size: 469.75502pt x 237.68445pt.


LaTeX Warning: Hyper reference `installation:installing-r-and-rstudio' on page 
9 undefined on input line 384.

[9 <./sdcAppStartIP.png>]
<installCheckUpdate.png, id=144, 1444.39626pt x 810.02625pt>
File: installCheckUpdate.png Graphic file (type png)

<use installCheckUpdate.png>
Package pdftex.def Info: installCheckUpdate.png used on input line 397.
(pdftex.def)             Requested size: 469.75502pt x 263.44081pt.
 [10 <./installRversion.png>] [11 <./installCheckUpdate.png>] [12

]
Chapter 3.

LaTeX Warning: Hyper reference `introsdcApp:code1' on page 13 undefined on inpu
t line 438.


LaTeX Warning: Reference `introsdcApp:code1' on page 13 undefined on input line
 438.


LaTeX Warning: Hyper reference `introsdcApp:fig31' on page 13 undefined on inpu
t line 439.


LaTeX Warning: Reference `introsdcApp:fig31' on page 13 undefined on input line
 439.


LaTeX Warning: Hyper reference `introsdcApp:fig31' on page 13 undefined on inpu
t line 462.


LaTeX Warning: Reference `introsdcApp:fig31' on page 13 undefined on input line
 462.


LaTeX Warning: Hyper reference `introsdcApp:fig32' on page 13 undefined on inpu
t line 463.


LaTeX Warning: Reference `introsdcApp:fig32' on page 13 undefined on input line
 463.

<introRConsoleLaunch.png, id=169, 1358.07375pt x 700.6175pt>
File: introRConsoleLaunch.png Graphic file (type png)

<use introRConsoleLaunch.png>
Package pdftex.def Info: introRConsoleLaunch.png used on input line 476.
(pdftex.def)             Requested size: 469.75502pt x 242.33334pt.

<introLandingPage.png, id=170, 1444.39626pt x 835.12pt>
File: introLandingPage.png Graphic file (type png)

<use introLandingPage.png>
Package pdftex.def Info: introLandingPage.png used on input line 483.
(pdftex.def)             Requested size: 469.75502pt x 271.60191pt.


LaTeX Warning: Hyper reference `introsdcApp:fig33' on page 13 undefined on inpu
t line 491.


LaTeX Warning: Reference `introsdcApp:fig33' on page 13 undefined on input line
 491.

[13] [14 <./introRConsoleLaunch.png> <./introLandingPage.png>]
LaTeX Font Info:    Try loading font information for TS1+ptm on input line 497.


(/usr/local/texlive/2015/texmf-dist/tex/latex/psnfss/ts1ptm.fd
File: ts1ptm.fd 2001/06/04 font definitions for TS1/ptm.
)

LaTeX Warning: Hyper reference `introsdcApp:fig33' on page 15 undefined on inpu
t line 544.


LaTeX Warning: Reference `introsdcApp:fig33' on page 15 undefined on input line
 544.


LaTeX Warning: Hyper reference `introsdcApp:fig33' on page 15 undefined on inpu
t line 545.


LaTeX Warning: Reference `introsdcApp:fig33' on page 15 undefined on input line
 545.


LaTeX Warning: Hyper reference `introsdcApp:fig33' on page 15 undefined on inpu
t line 547.


LaTeX Warning: Reference `introsdcApp:fig33' on page 15 undefined on input line
 547.

<appStructure.png, id=186, 1445.4pt x 761.84625pt>
File: appStructure.png Graphic file (type png)
 <use appStructure.png>
Package pdftex.def Info: appStructure.png used on input line 554.
(pdftex.def)             Requested size: 469.75502pt x 247.59709pt.

<introIicon.png, id=187, 19.07124pt x 19.07124pt>
File: introIicon.png Graphic file (type png)
 <use introIicon.png>
Package pdftex.def Info: introIicon.png used on input line 560.
(pdftex.def)             Requested size: 19.07118pt x 19.07118pt.


LaTeX Warning: Hyper reference `introsdcApp:fig36' on page 15 undefined on inpu
t line 564.


LaTeX Warning: Reference `introsdcApp:fig36' on page 15 undefined on input line
 564.

[15 <./appStructure.png>] <introHelp.png, id=196, 392.46625pt x 195.73125pt>
File: introHelp.png Graphic file (type png)

<use introHelp.png>
Package pdftex.def Info: introHelp.png used on input line 570.
(pdftex.def)             Requested size: 392.46527pt x 195.73076pt.


LaTeX Warning: Hyper reference `introsdcApp:fig34' on page 16 undefined on inpu
t line 583.


LaTeX Warning: Reference `introsdcApp:fig34' on page 16 undefined on input line
 583.


LaTeX Warning: Hyper reference `introsdcApp:fig34' on page 16 undefined on inpu
t line 585.


LaTeX Warning: Reference `introsdcApp:fig34' on page 16 undefined on input line
 585.

[16 <./introIicon.png> <./introHelp.png>]
<introSetStoragePath.png, id=207, 934.49126pt x 292.09125pt>
File: introSetStoragePath.png Graphic file (type png)

<use introSetStoragePath.png>
Package pdftex.def Info: introSetStoragePath.png used on input line 610.
(pdftex.def)             Requested size: 469.75502pt x 146.82967pt.

<introStopGUI.png, id=208, 916.42375pt x 79.29625pt>
File: introStopGUI.png Graphic file (type png)
 <use introStopGUI.png>
Package pdftex.def Info: introStopGUI.png used on input line 625.
(pdftex.def)             Requested size: 469.75502pt x 40.64745pt.

[17 <./introSetStoragePath.png> <./introStopGUI.png>] [18

]
Chapter 4.

LaTeX Warning: Hyper reference `loadprepdata:fig51' on page 19 undefined on inp
ut line 659.


LaTeX Warning: Reference `loadprepdata:fig51' on page 19 undefined on input lin
e 659.


LaTeX Warning: Hyper reference `loadprepdata:fig52' on page 19 undefined on inp
ut line 669.


LaTeX Warning: Reference `loadprepdata:fig52' on page 19 undefined on input lin
e 669.


LaTeX Warning: Hyper reference `loadprepdata:fig52' on page 19 undefined on inp
ut line 674.


LaTeX Warning: Reference `loadprepdata:fig52' on page 19 undefined on input lin
e 674.

<prepLoadSort.png, id=222, 22.0825pt x 22.0825pt>
File: prepLoadSort.png Graphic file (type png)
 <use prepLoadSort.png>
Package pdftex.def Info: prepLoadSort.png used on input line 681.
(pdftex.def)             Requested size: 22.08243pt x 22.08243pt.

<prepLoadSort2.png, id=223, 17.06375pt x 21.07875pt>
File: prepLoadSort2.png Graphic file (type png)
 <use prepLoadSort2.png>
Package pdftex.def Info: prepLoadSort2.png used on input line 681.
(pdftex.def)             Requested size: 17.06369pt x 21.07867pt.

<prepLoadTestdata.png, id=224, 1445.4pt x 390.45876pt>
File: prepLoadTestdata.png Graphic file (type png)

<use prepLoadTestdata.png>
Package pdftex.def Info: prepLoadTestdata.png used on input line 689.
(pdftex.def)             Requested size: 469.75502pt x 126.89758pt.

<prepLoadedData.png, id=225, 1445.4pt x 771.88374pt>
File: prepLoadedData.png Graphic file (type png)
 <use prepLoadedData.png>
Package pdftex.def Info: prepLoadedData.png used on input line 696.
(pdftex.def)             Requested size: 469.75502pt x 250.85924pt.


LaTeX Warning: Hyper reference `loadprepdata:tab51' on page 19 undefined on inp
ut line 702.


LaTeX Warning: Reference `loadprepdata:tab51' on page 19 undefined on input lin
e 702.

[19 <./prepLoadSort.png> <./prepLoadSort2.png>] [20 <./prepLoadTestdata.png> <.
/prepLoadedData.png>] <prepLoadData.png, id=243, 1445.4pt x 434.62375pt>
File: prepLoadData.png Graphic file (type png)

<use prepLoadData.png>
Package pdftex.def Info: prepLoadData.png used on input line 823.
(pdftex.def)             Requested size: 469.75502pt x 141.25104pt.


LaTeX Warning: Hyper reference `loadprepdata:fig52' on page 21 undefined on inp
ut line 827.


LaTeX Warning: Reference `loadprepdata:fig52' on page 21 undefined on input lin
e 827.

[21]

LaTeX Warning: Hyper reference `loadprepdata:fig511' on page 22 undefined on in
put line 838.


LaTeX Warning: Reference `loadprepdata:fig511' on page 22 undefined on input li
ne 838.

<prepLoadAfterLoad.png, id=256, 1912.14375pt x 931.48pt>
File: prepLoadAfterLoad.png Graphic file (type png)

<use prepLoadAfterLoad.png>
Package pdftex.def Info: prepLoadAfterLoad.png used on input line 846.
(pdftex.def)             Requested size: 469.75502pt x 228.83287pt.
 [22 <./prepLoadData.png> <./prepLoadAfterLoad.png>]

LaTeX Warning: Hyper reference `loadprepdata:fig511' on page 23 undefined on in
put line 856.


LaTeX Warning: Reference `loadprepdata:fig511' on page 23 undefined on input li
ne 856.


LaTeX Warning: Hyper reference `loadprepdata:convert-variable-type' on page 23 
undefined on input line 875.

<prepareMissingToNA.png, id=266, 1444.39626pt x 657.45625pt>
File: prepareMissingToNA.png Graphic file (type png)

<use prepareMissingToNA.png>
Package pdftex.def Info: prepareMissingToNA.png used on input line 912.
(pdftex.def)             Requested size: 469.75502pt x 213.82123pt.
 [23]
<prepStrataVariable.png, id=275, 1905.1175pt x 655.44875pt>
File: prepStrataVariable.png Graphic file (type png)

<use prepStrataVariable.png>
Package pdftex.def Info: prepStrataVariable.png used on input line 934.
(pdftex.def)             Requested size: 469.75502pt x 161.61148pt.

<prepHierarchical1.png, id=276, 1908.12875pt x 682.55pt>
File: prepHierarchical1.png Graphic file (type png)

<use prepHierarchical1.png>
Package pdftex.def Info: prepHierarchical1.png used on input line 947.
(pdftex.def)             Requested size: 469.75502pt x 168.03336pt.
 [24 <./prepareMissingToNA.png> <./prepStrataVariable.png>] <prepHierarchical2.
png, id=287, 1910.13625pt x 664.4825pt>
File: prepHierarchical2.png Graphic file (type png)

<use prepHierarchical2.png>
Package pdftex.def Info: prepHierarchical2.png used on input line 954.
(pdftex.def)             Requested size: 469.75502pt x 163.41306pt.
 [25 <./prepHierarchical1.png> <./prepHierarchical2.png>] [26

]
Chapter 5.

LaTeX Warning: Hyper reference `setup:fig11' on page 27 undefined on input line
 977.


LaTeX Warning: Reference `setup:fig11' on page 27 undefined on input line 977.


LaTeX Warning: Hyper reference `setup:tabsetup1' on page 27 undefined on input 
line 978.


LaTeX Warning: Reference `setup:tabsetup1' on page 27 undefined on input line 9
78.

<setupTable.png, id=304, 946.53625pt x 581.17125pt>
File: setupTable.png Graphic file (type png)
 <use setupTable.png>
Package pdftex.def Info: setupTable.png used on input line 984.
(pdftex.def)             Requested size: 469.75502pt x 288.42113pt.

[27 <./setupTable.png>] [28] <setupButton.png, id=330, 136.51pt x 38.1425pt>
File: setupButton.png Graphic file (type png)

<use setupButton.png>
Package pdftex.def Info: setupButton.png used on input line 1161.
(pdftex.def)             Requested size: 136.50966pt x 38.1424pt.


LaTeX Warning: Hyper reference `setup:fig13' on page 29 undefined on input line
 1165.


LaTeX Warning: Reference `setup:fig13' on page 29 undefined on input line 1165.



LaTeX Warning: Hyper reference `setup:fig13' on page 29 undefined on input line
 1177.


LaTeX Warning: Reference `setup:fig13' on page 29 undefined on input line 1177.


<setupErrorMessage.png, id=331, 518.93875pt x 235.88126pt>
File: setupErrorMessage.png Graphic file (type png)

<use setupErrorMessage.png>
Package pdftex.def Info: setupErrorMessage.png used on input line 1199.
(pdftex.def)             Requested size: 469.75502pt x 213.5365pt.


LaTeX Warning: Hyper reference `setup:fig14' on page 29 undefined on input line
 1207.


LaTeX Warning: Reference `setup:fig14' on page 29 undefined on input line 1207.


<setupAdditionalParameters.png, id=332, 441.65pt x 206.7725pt>
File: setupAdditionalParameters.png Graphic file (type png)

<use setupAdditionalParameters.png>
Package pdftex.def Info: setupAdditionalParameters.png used on input line 1213.

(pdftex.def)             Requested size: 441.64891pt x 206.77199pt.


LaTeX Warning: Hyper reference `setup:fig14' on page 29 undefined on input line
 1234.


LaTeX Warning: Reference `setup:fig14' on page 29 undefined on input line 1234.


[29 <./setupButton.png>] [30 <./setupErrorMessage.png> <./setupAdditionalParame
ters.png>] [31] [32

]
Chapter 6.
<summary_k_anon.png, id=360, 712.6625pt x 181.67876pt>
File: summary_k_anon.png Graphic file (type png)

<use summary_k_anon.png>
Package pdftex.def Info: summary_k_anon.png used on input line 1322.
(pdftex.def)             Requested size: 469.75502pt x 119.7531pt.
 [33]
<risk_suda_setup.png, id=377, 1445.4pt x 479.7925pt>
File: risk_suda_setup.png Graphic file (type png)
 <use risk_suda_setup.png>
Package pdftex.def Info: risk_suda_setup.png used on input line 1365.
(pdftex.def)             Requested size: 469.75502pt x 155.93071pt.

<risk_suda_result.png, id=378, 798.985pt x 668.4975pt>
File: risk_suda_result.png Graphic file (type png)

<use risk_suda_result.png>
Package pdftex.def Info: risk_suda_result.png used on input line 1372.
(pdftex.def)             Requested size: 469.75502pt x 393.04324pt.
 [34 <./summary_k_anon.png> <./risk_suda_setup.png>]
[35 <./risk_suda_result.png>]
File: summary_k_anon.png Graphic file (type png)
 <use summary_k_anon.png>
Package pdftex.def Info: summary_k_anon.png used on input line 1397.
(pdftex.def)             Requested size: 469.75502pt x 119.7531pt.
 [36]
Chapter 7.

LaTeX Warning: Hyper reference `anon:fig81' on page 37 undefined on input line 
1429.


LaTeX Warning: Reference `anon:fig81' on page 37 undefined on input line 1429.

<anonGlobalRecodeSettings.png, id=404, 1098.1025pt x 312.16624pt>
File: anonGlobalRecodeSettings.png Graphic file (type png)

<use anonGlobalRecodeSettings.png>
Package pdftex.def Info: anonGlobalRecodeSettings.png used on input line 1449.
(pdftex.def)             Requested size: 469.75502pt x 133.5382pt.
 [37

]

LaTeX Warning: Hyper reference `anon:fig82' on page 38 undefined on input line 
1492.


LaTeX Warning: Reference `anon:fig82' on page 38 undefined on input line 1492.

[38 <./anonGlobalRecodeSettings.png>]
<anonTopcodingSettings.png, id=419, 1088.065pt x 319.1925pt>
File: anonTopcodingSettings.png Graphic file (type png)

<use anonTopcodingSettings.png>
Package pdftex.def Info: anonTopcodingSettings.png used on input line 1523.
(pdftex.def)             Requested size: 469.75502pt x 137.8102pt.

<anonLocSupSettings.png, id=420, 1106.1325pt x 578.16pt>
File: anonLocSupSettings.png Graphic file (type png)

<use anonLocSupSettings.png>
Package pdftex.def Info: anonLocSupSettings.png used on input line 1551.
(pdftex.def)             Requested size: 469.75502pt x 245.53389pt.

<anonLocSupSettingsImportance.png, id=421, 1094.0875pt x 302.12875pt>
File: anonLocSupSettingsImportance.png Graphic file (type png)

<use anonLocSupSettingsImportance.png>
Package pdftex.def Info: anonLocSupSettingsImportance.png used on input line 15
67.
(pdftex.def)             Requested size: 469.75502pt x 129.7238pt.

<anonLocSupSettingsSubset.png, id=422, 1079.03125pt x 434.62375pt>
File: anonLocSupSettingsSubset.png Graphic file (type png)

<use anonLocSupSettingsSubset.png>
Package pdftex.def Info: anonLocSupSettingsSubset.png used on input line 1577.
(pdftex.def)             Requested size: 469.75502pt x 189.21233pt.

<anonPRAMsettings.png, id=423, 1100.11pt x 313.17pt>
File: anonPRAMsettings.png Graphic file (type png)

<use anonPRAMsettings.png>
Package pdftex.def Info: anonPRAMsettings.png used on input line 1591.
(pdftex.def)             Requested size: 469.75502pt x 133.72386pt.

<anonPRAMsettingsMatrix.png, id=424, 1099.10625pt x 518.93875pt>
File: anonPRAMsettingsMatrix.png Graphic file (type png)

<use anonPRAMsettingsMatrix.png>
Package pdftex.def Info: anonPRAMsettingsMatrix.png used on input line 1598.
(pdftex.def)             Requested size: 469.75502pt x 221.79318pt.

<anonSuppressSettings.png, id=425, 1097.09875pt x 679.53876pt>
File: anonSuppressSettings.png Graphic file (type png)

<use anonSuppressSettings.png>
Package pdftex.def Info: anonSuppressSettings.png used on input line 1608.
(pdftex.def)             Requested size: 469.75502pt x 290.96207pt.

<anonMicroaggregationSettingsCluster.png, id=426, 1094.0875pt x 110.4125pt>
File: anonMicroaggregationSettingsCluster.png Graphic file (type png)

<use anonMicroaggregationSettingsCluster.png>
Package pdftex.def Info: anonMicroaggregationSettingsCluster.png used on input 
line 1621.
(pdftex.def)             Requested size: 469.75502pt x 47.40736pt.
 [39 <./anonTopcodingSettings.png>] [40 <./anonLocSupSettings.png> <./anonLocSu
pSettingsImportance.png>] [41 <./anonLocSupSettingsSubset.png> <./anonPRAMsetti
ngs.png> <./anonPRAMsettingsMatrix.png>]
<anonMicroaggregationSettingsAdditional.png, id=455, 1103.12125pt x 435.6275pt>
File: anonMicroaggregationSettingsAdditional.png Graphic file (type png)
<use anonMicroaggregationSettingsAdditional.png>
Package pdftex.def Info: anonMicroaggregationSettingsAdditional.png used on inp
ut line 1628.
(pdftex.def)             Requested size: 469.75502pt x 185.50815pt.
File: anonMicroaggregationSettingsCluster.png Graphic file (type png)

<use anonMicroaggregationSettingsCluster.png>
Package pdftex.def Info: anonMicroaggregationSettingsCluster.png used on input 
line 1635.
(pdftex.def)             Requested size: 469.75502pt x 47.40736pt.
 [42 <./anonSuppressSettings.png> <./anonMicroaggregationSettingsCluster.png>] 
[43 <./anonMicroaggregationSettingsAdditional.png>] [44

]
Chapter 8.

Package hyperref Warning: Token not allowed in a PDF string (Unicode):
(hyperref)                removing `\sphinxstyleemphasis' on input line 1676.

[45] [46

]
Chapter 9.

LaTeX Warning: Hyper reference `export:tab101' on page 47 undefined on input li
ne 1729.


LaTeX Warning: Reference `export:tab101' on page 47 undefined on input line 172
9.

[47] <exportReportInternal.png, id=508, 1218.5525pt x 333.245pt>
File: exportReportInternal.png Graphic file (type png)

<use exportReportInternal.png>
Package pdftex.def Info: exportReportInternal.png used on input line 1837.
(pdftex.def)             Requested size: 469.75502pt x 128.46497pt.

<exportReportExternal.png, id=509, 1222.5675pt x 342.27875pt>
File: exportReportExternal.png Graphic file (type png)

<use exportReportExternal.png>
Package pdftex.def Info: exportReportExternal.png used on input line 1857.
(pdftex.def)             Requested size: 469.75502pt x 131.51396pt.
 [48 <./exportReportInternal.png>] [49 <./exportReportExternal.png>] [50

]
Chapter 10.

Package hyperref Warning: Token not allowed in a PDF string (Unicode):
(hyperref)                removing `\sphinxstyleemphasis' on input line 1866.


LaTeX Warning: Hyper reference `reproducibility:fig111' on page 51 undefined on
 input line 1872.


LaTeX Warning: Reference `reproducibility:fig111' on page 51 undefined on input
 line 1872.

<reproScript.png, id=529, 1445.4pt x 764.8575pt>
File: reproScript.png Graphic file (type png)
 <use reproScript.png>
Package pdftex.def Info: reproScript.png used on input line 1880.
(pdftex.def)             Requested size: 469.75502pt x 248.57573pt.
 [51 <./reproScript.png>] [52]
Chapter 11.
[53

] [54

]
Chapter 12.
[55]

LaTeX Warning: Hyper reference `casestudies:fig131' on page 56 undefined on inp
ut line 2058.


LaTeX Warning: Reference `casestudies:fig131' on page 56 undefined on input lin
e 2058.

<case1LoadedData.png, id=566, 1915.155pt x 935.495pt>
File: case1LoadedData.png Graphic file (type png)

<use case1LoadedData.png>
Package pdftex.def Info: case1LoadedData.png used on input line 2066.
(pdftex.def)             Requested size: 469.75502pt x 229.46236pt.


LaTeX Warning: Hyper reference `casestudies:tab91' on page 56 undefined on inpu
t line 2080.


LaTeX Warning: Reference `casestudies:tab91' on page 56 undefined on input line
 2080.

[56 <./case1LoadedData.png>]
<case1ExploreVarType.png, id=576, 1445.4pt x 655.44875pt>
File: case1ExploreVarType.png Graphic file (type png)

<use case1ExploreVarType.png>
Package pdftex.def Info: case1ExploreVarType.png used on input line 2113.
(pdftex.def)             Requested size: 469.75502pt x 213.01831pt.

<case1ExploreCat.png, id=577, 1445.4pt x 775.89874pt>
File: case1ExploreCat.png Graphic file (type png)

<use case1ExploreCat.png>
Package pdftex.def Info: case1ExploreCat.png used on input line 2120.
(pdftex.def)             Requested size: 469.75502pt x 252.16411pt.
 <case1ExploreCont.png, id=578, 1445.4pt x 774.895pt>
File: case1ExploreCont.png Graphic file (type png)

<use case1ExploreCont.png>
Package pdftex.def Info: case1ExploreCont.png used on input line 2127.
(pdftex.def)             Requested size: 469.75502pt x 251.83789pt.

Overfull \hbox (58.7206pt too wide) in alignment at lines 2173--2434
 [] [] [] [] [] [] 
 []


Overfull \hbox (161.80078pt too wide) in alignment at lines 2434--2699
 [] [] [] [] [] [] 
 []

[57 <./case1ExploreVarType.png>]
Overfull \hbox (206.3899pt too wide) in alignment at lines 2699--2926
 [] [] [] [] [] [] 
 []


Overfull \hbox (206.3899pt too wide) in alignment at lines 2926--3018
 [] [] [] [] [] [] 
 []


Package longtable Warning: Column widths have changed
(longtable)                in table 12.1 on input line 3018.

[58]

LaTeX Warning: Hyper reference `casestudies:tab91' on page 59 undefined on inpu
t line 3038.


LaTeX Warning: Reference `casestudies:tab91' on page 59 undefined on input line
 3038.


LaTeX Warning: Hyper reference `casestudies:code95' on page 59 undefined on inp
ut line 3050.


LaTeX Warning: Reference `casestudies:code95' on page 59 undefined on input lin
e 3050.

LaTeX Font Info:    Try loading font information for TS1+pcr on input line 3064
.
(/usr/local/texlive/2015/texmf-dist/tex/latex/psnfss/ts1pcr.fd
File: ts1pcr.fd 2001/06/04 font definitions for TS1/pcr.
)

LaTeX Warning: Hyper reference `casestudies:code96' on page 59 undefined on inp
ut line 3080.


LaTeX Warning: Reference `casestudies:code96' on page 59 undefined on input lin
e 3080.

[59] [60 <./case1ExploreCat.png> <./case1ExploreCont.png>]

LaTeX Warning: Hyper reference `casestudies:tab92' on page 61 undefined on inpu
t line 3150.


LaTeX Warning: Reference `casestudies:tab92' on page 61 undefined on input line
 3150.

[61]

LaTeX Warning: Hyper reference `casestudies:tab93' on page 62 undefined on inpu
t line 3286.


LaTeX Warning: Reference `casestudies:tab93' on page 62 undefined on input line
 3286.

[62]

LaTeX Warning: Hyper reference `casestudies:code97' on page 63 undefined on inp
ut line 3363.


LaTeX Warning: Reference `casestudies:code97' on page 63 undefined on input lin
e 3363.


LaTeX Warning: Hyper reference `casestudies:code97' on page 63 undefined on inp
ut line 3372.


LaTeX Warning: Reference `casestudies:code97' on page 63 undefined on input lin
e 3372.


LaTeX Warning: Hyper reference `casestudies:code98' on page 63 undefined on inp
ut line 3412.


LaTeX Warning: Reference `casestudies:code98' on page 63 undefined on input lin
e 3412.

[63]

LaTeX Warning: Hyper reference `casestudies:code97' on page 64 undefined on inp
ut line 3432.


LaTeX Warning: Reference `casestudies:code97' on page 64 undefined on input lin
e 3432.


LaTeX Warning: Hyper reference `casestudies:code99' on page 64 undefined on inp
ut line 3434.


LaTeX Warning: Reference `casestudies:code99' on page 64 undefined on input lin
e 3434.


LaTeX Warning: Hyper reference `casestudies:tab94' on page 64 undefined on inpu
t line 3460.


LaTeX Warning: Reference `casestudies:tab94' on page 64 undefined on input line
 3460.


LaTeX Warning: Hyper reference `casestudies:code910' on page 64 undefined on in
put line 3461.


LaTeX Warning: Reference `casestudies:code910' on page 64 undefined on input li
ne 3461.


LaTeX Warning: Hyper reference `casestudies:code910' on page 64 undefined on in
put line 3465.


LaTeX Warning: Reference `casestudies:code910' on page 64 undefined on input li
ne 3465.

[64]

LaTeX Warning: Hyper reference `casestudies:code911' on page 65 undefined on in
put line 3539.


LaTeX Warning: Reference `casestudies:code911' on page 65 undefined on input li
ne 3539.


LaTeX Warning: Hyper reference `casestudies:tab97' on page 65 undefined on inpu
t line 3550.


LaTeX Warning: Reference `casestudies:tab97' on page 65 undefined on input line
 3550.


LaTeX Warning: Hyper reference `casestudies:code97' on page 65 undefined on inp
ut line 3575.


LaTeX Warning: Reference `casestudies:code97' on page 65 undefined on input lin
e 3575.


LaTeX Warning: Hyper reference `casestudies:code912' on page 65 undefined on in
put line 3578.


LaTeX Warning: Reference `casestudies:code912' on page 65 undefined on input li
ne 3578.


LaTeX Warning: Hyper reference `casestudies:code912' on page 65 undefined on in
put line 3582.


LaTeX Warning: Reference `casestudies:code912' on page 65 undefined on input li
ne 3582.

[65]

LaTeX Warning: Hyper reference `casestudies:code913' on page 66 undefined on in
put line 3602.


LaTeX Warning: Reference `casestudies:code913' on page 66 undefined on input li
ne 3602.


LaTeX Warning: Hyper reference `casestudies:code914' on page 66 undefined on in
put line 3648.


LaTeX Warning: Reference `casestudies:code914' on page 66 undefined on input li
ne 3648.


LaTeX Warning: Hyper reference `casestudies:tab95' on page 66 undefined on inpu
t line 3649.


LaTeX Warning: Reference `casestudies:tab95' on page 66 undefined on input line
 3649.


LaTeX Warning: Hyper reference `casestudies:tab96' on page 66 undefined on inpu
t line 3650.


LaTeX Warning: Reference `casestudies:tab96' on page 66 undefined on input line
 3650.

[66]

LaTeX Warning: Hyper reference `casestudies:tab97' on page 67 undefined on inpu
t line 3884.


LaTeX Warning: Reference `casestudies:tab97' on page 67 undefined on input line
 3884.


LaTeX Warning: Hyper reference `casestudies:code915' on page 67 undefined on in
put line 3908.


LaTeX Warning: Reference `casestudies:code915' on page 67 undefined on input li
ne 3908.

[67]

LaTeX Warning: Hyper reference `casestudies:code916' on page 68 undefined on in
put line 4088.


LaTeX Warning: Reference `casestudies:code916' on page 68 undefined on input li
ne 4088.


LaTeX Warning: Hyper reference `casestudies:code916' on page 68 undefined on in
put line 4105.


LaTeX Warning: Reference `casestudies:code916' on page 68 undefined on input li
ne 4105.

[68]

LaTeX Warning: Hyper reference `casestudies:code917' on page 69 undefined on in
put line 4159.


LaTeX Warning: Reference `casestudies:code917' on page 69 undefined on input li
ne 4159.

[69]

LaTeX Warning: Hyper reference `casestudies:tab95' on page 70 undefined on inpu
t line 4222.


LaTeX Warning: Reference `casestudies:tab95' on page 70 undefined on input line
 4222.


LaTeX Warning: Hyper reference `casestudies:tab96' on page 70 undefined on inpu
t line 4223.


LaTeX Warning: Reference `casestudies:tab96' on page 70 undefined on input line
 4223.


LaTeX Warning: Hyper reference `casestudies:code918' on page 70 undefined on in
put line 4230.


LaTeX Warning: Reference `casestudies:code918' on page 70 undefined on input li
ne 4230.


LaTeX Warning: Hyper reference `casestudies:code918' on page 70 undefined on in
put line 4234.


LaTeX Warning: Reference `casestudies:code918' on page 70 undefined on input li
ne 4234.

[70]

LaTeX Warning: Hyper reference `casestudies:code919' on page 71 undefined on in
put line 4310.


LaTeX Warning: Reference `casestudies:code919' on page 71 undefined on input li
ne 4310.

[71]

LaTeX Warning: Hyper reference `casestudies:tab98' on page 72 undefined on inpu
t line 4355.


LaTeX Warning: Reference `casestudies:tab98' on page 72 undefined on input line
 4355.


LaTeX Warning: Hyper reference `casestudies:code920' on page 72 undefined on in
put line 4421.


LaTeX Warning: Reference `casestudies:code920' on page 72 undefined on input li
ne 4421.

[72]

LaTeX Warning: Hyper reference `casestudies:tab99' on page 73 undefined on inpu
t line 4473.


LaTeX Warning: Reference `casestudies:tab99' on page 73 undefined on input line
 4473.


LaTeX Warning: Hyper reference `casestudies:tab910' on page 73 undefined on inp
ut line 4484.


LaTeX Warning: Reference `casestudies:tab910' on page 73 undefined on input lin
e 4484.

[73]

LaTeX Warning: Hyper reference `casestudies:tab911' on page 74 undefined on inp
ut line 4864.


LaTeX Warning: Reference `casestudies:tab911' on page 74 undefined on input lin
e 4864.


LaTeX Warning: Hyper reference `casestudies:fig91' on page 74 undefined on inpu
t line 4881.


LaTeX Warning: Reference `casestudies:fig91' on page 74 undefined on input line
 4881.


LaTeX Warning: File `{media/image21}.png' not found on input line 4929.


LaTeX Warning: File `{media/image21}.png' not found on input line 4929.


! Package pdftex.def Error: File `media/image21.png' not found.

See the pdftex.def package documentation for explanation.
Type  H <return>  for immediate help.
 ...                                              
                                                  
l.4929 ...hinxincludegraphics{{media/image21}.png}
                                                  
? q
OK, entering \batchmode...

LaTeX Warning: Hyper reference `casestudies:tab912' on page 74 undefined on inp
ut line 4934.


LaTeX Warning: Reference `casestudies:tab912' on page 74 undefined on input lin
e 4934.

 [74]

LaTeX Warning: Hyper reference `casestudies:tab913' on page 75 undefined on inp
ut line 4999.


LaTeX Warning: Reference `casestudies:tab913' on page 75 undefined on input lin
e 4999.


LaTeX Warning: Hyper reference `casestudies:code921' on page 75 undefined on in
put line 5118.


LaTeX Warning: Reference `casestudies:code921' on page 75 undefined on input li
ne 5118.


LaTeX Warning: Hyper reference `casestudies:code99' on page 75 undefined on inp
ut line 5122.


LaTeX Warning: Reference `casestudies:code99' on page 75 undefined on input lin
e 5122.

 [75]

LaTeX Warning: Hyper reference `casestudies:tab914' on page 76 undefined on inp
ut line 5173.


LaTeX Warning: Reference `casestudies:tab914' on page 76 undefined on input lin
e 5173.


LaTeX Warning: Hyper reference `casestudies:code922' on page 76 undefined on in
put line 5222.


LaTeX Warning: Reference `casestudies:code922' on page 76 undefined on input li
ne 5222.

 [76]

LaTeX Warning: Hyper reference `casestudies:code923' on page 77 undefined on in
put line 5276.


LaTeX Warning: Reference `casestudies:code923' on page 77 undefined on input li
ne 5276.

 [77]

LaTeX Warning: Hyper reference `casestudies:code924' on page 78 undefined on in
put line 5319.


LaTeX Warning: Reference `casestudies:code924' on page 78 undefined on input li
ne 5319.


LaTeX Warning: Hyper reference `casestudies:tab915' on page 78 undefined on inp
ut line 5323.


LaTeX Warning: Reference `casestudies:tab915' on page 78 undefined on input lin
e 5323.


LaTeX Warning: Hyper reference `casestudies:tab915' on page 78 undefined on inp
ut line 5331.


LaTeX Warning: Reference `casestudies:tab915' on page 78 undefined on input lin
e 5331.


LaTeX Warning: Hyper reference `casestudies:tab915' on page 78 undefined on inp
ut line 5341.


LaTeX Warning: Reference `casestudies:tab915' on page 78 undefined on input lin
e 5341.


Underfull \vbox (badness 1303) detected at line 5402
 []

 [78]
Underfull \hbox (badness 10000) in paragraph at lines 5470--5470
[]\T1/phv/m/n/10 GEN-
 []


Overfull \hbox (4.45349pt too wide) in paragraph at lines 5470--5470
[]\T1/phv/m/n/10 REL| 
 []


Underfull \hbox (badness 10000) in paragraph at lines 5470--5470
[]\T1/phv/m/n/10 MAR-I-
 []


Overfull \hbox (10.55707pt too wide) in paragraph at lines 5470--5470
[]\T1/phv/m/n/10 AGEYRS| 
 []


Overfull \hbox (8.92938pt too wide) in paragraph at lines 5470--5470
[]\T1/phv/m/n/10 EDUCY| 
 []


Underfull \hbox (badness 10000) in paragraph at lines 5470--5470
[]\T1/phv/m/n/10 EDYRSCU-
 []


Overfull \hbox (13.72827pt too wide) in paragraph at lines 5470--5470
[]\T1/phv/m/n/10 ATSCHOOL| 
 []


Underfull \hbox (badness 10000) in paragraph at lines 5470--5470
[]\T1/phv/m/n/10 IN-DUS-
 []


Underfull \hbox (badness 10000) in paragraph at lines 5470--5470
[]\T1/ptm/m/n/10 k = 2, imp on
 []


LaTeX Warning: Hyper reference `casestudies:tab916' on page 79 undefined on inp
ut line 5477.


LaTeX Warning: Reference `casestudies:tab916' on page 79 undefined on input lin
e 5477.

 [79]

LaTeX Warning: Hyper reference `casestudies:tab917' on page 80 undefined on inp
ut line 5534.


LaTeX Warning: Reference `casestudies:tab917' on page 80 undefined on input lin
e 5534.


LaTeX Warning: Hyper reference `casestudies:code925' on page 80 undefined on in
put line 5646.


LaTeX Warning: Reference `casestudies:code925' on page 80 undefined on input li
ne 5646.

 [80]

LaTeX Warning: Hyper reference `casestudies:code926' on page 81 undefined on in
put line 5667.


LaTeX Warning: Reference `casestudies:code926' on page 81 undefined on input li
ne 5667.


LaTeX Warning: Hyper reference `casestudies:case-study-1-suf' on page 81 undefi
ned on input line 5692.


LaTeX Warning: Hyper reference `casestudies:case-study-1-suf' on page 81 undefi
ned on input line 5697.

 [81]

LaTeX Warning: Hyper reference `casestudies:code927' on page 82 undefined on in
put line 5747.


LaTeX Warning: Reference `casestudies:code927' on page 82 undefined on input li
ne 5747.


LaTeX Warning: Hyper reference `casestudies:case-study-1-suf' on page 82 undefi
ned on input line 5754.


LaTeX Warning: Hyper reference `casestudies:code928' on page 82 undefined on in
put line 5779.


LaTeX Warning: Reference `casestudies:code928' on page 82 undefined on input li
ne 5779.

 [82]

LaTeX Warning: Hyper reference `casestudies:tab918' on page 83 undefined on inp
ut line 5818.


LaTeX Warning: Reference `casestudies:tab918' on page 83 undefined on input lin
e 5818.


Overfull \hbox (102.7614pt too wide) in alignment at lines 6153--6389
 [] [] [] [] [] [] 
 []

 [83]
Overfull \hbox (102.7614pt too wide) in alignment at lines 6389--6503
 [] [] [] [] [] [] 
 []


Package longtable Warning: Column widths have changed
(longtable)                in table 12.18 on input line 6503.


LaTeX Warning: Hyper reference `casestudies:tab918' on page 84 undefined on inp
ut line 6522.


LaTeX Warning: Reference `casestudies:tab918' on page 84 undefined on input lin
e 6522.

 [84]

LaTeX Warning: Hyper reference `casestudies:tab919' on page 85 undefined on inp
ut line 6613.


LaTeX Warning: Reference `casestudies:tab919' on page 85 undefined on input lin
e 6613.

 [85] [86]

LaTeX Warning: Hyper reference `casestudies:code929' on page 87 undefined on in
put line 6795.


LaTeX Warning: Reference `casestudies:code929' on page 87 undefined on input li
ne 6795.


Underfull \hbox (badness 5161) in paragraph at lines 6802--6802
[]\T1/ptm/m/n/10 Listing 12.25: |[]Selecting the vari-ables for the household-l
evel
 []


LaTeX Warning: Hyper reference `casestudies:code930' on page 87 undefined on in
put line 6829.


LaTeX Warning: Reference `casestudies:code930' on page 87 undefined on input li
ne 6829.


LaTeX Warning: Hyper reference `casestudies:code928' on page 87 undefined on in
put line 6855.


LaTeX Warning: Reference `casestudies:code928' on page 87 undefined on input li
ne 6855.


LaTeX Warning: Hyper reference `casestudies:code934' on page 87 undefined on in
put line 6857.


LaTeX Warning: Reference `casestudies:code934' on page 87 undefined on input li
ne 6857.

 [87]

LaTeX Warning: Hyper reference `casestudies:tab920' on page 88 undefined on inp
ut line 6887.


LaTeX Warning: Reference `casestudies:tab920' on page 88 undefined on input lin
e 6887.


LaTeX Warning: Hyper reference `casestudies:code932' on page 88 undefined on in
put line 6889.


LaTeX Warning: Reference `casestudies:code932' on page 88 undefined on input li
ne 6889.


LaTeX Warning: Hyper reference `casestudies:code932' on page 88 undefined on in
put line 6893.


LaTeX Warning: Reference `casestudies:code932' on page 88 undefined on input li
ne 6893.

 [88]

LaTeX Warning: Hyper reference `casestudies:code932' on page 89 undefined on in
put line 6968.


LaTeX Warning: Reference `casestudies:code932' on page 89 undefined on input li
ne 6968.


LaTeX Warning: Hyper reference `casestudies:code929' on page 89 undefined on in
put line 6995.


LaTeX Warning: Reference `casestudies:code929' on page 89 undefined on input li
ne 6995.


LaTeX Warning: Hyper reference `casestudies:code934' on page 89 undefined on in
put line 6999.


LaTeX Warning: Reference `casestudies:code934' on page 89 undefined on input li
ne 6999.


LaTeX Warning: Hyper reference `casestudies:code935' on page 89 undefined on in
put line 7019.


LaTeX Warning: Reference `casestudies:code935' on page 89 undefined on input li
ne 7019.

 [89] [90]

LaTeX Warning: Hyper reference `casestudies:code936' on page 91 undefined on in
put line 7133.


LaTeX Warning: Reference `casestudies:code936' on page 91 undefined on input li
ne 7133.


LaTeX Warning: Hyper reference `casestudies:code936' on page 91 undefined on in
put line 7137.


LaTeX Warning: Reference `casestudies:code936' on page 91 undefined on input li
ne 7137.


LaTeX Warning: Hyper reference `casestudies:tab921' on page 91 undefined on inp
ut line 7149.


LaTeX Warning: Reference `casestudies:tab921' on page 91 undefined on input lin
e 7149.


Underfull \hbox (badness 10000) in paragraph at lines 7213--7213
[]\T1/phv/m/n/10 No im-por-tance
 []


Overfull \vbox (0.72572pt too high) detected at line 7258
 []

 [91]

LaTeX Warning: Hyper reference `casestudies:code937' on page 92 undefined on in
put line 7276.


LaTeX Warning: Reference `casestudies:code937' on page 92 undefined on input li
ne 7276.


LaTeX Warning: Hyper reference `casestudies:code917' on page 92 undefined on in
put line 7281.


LaTeX Warning: Reference `casestudies:code917' on page 92 undefined on input li
ne 7281.


LaTeX Warning: Hyper reference `casestudies:code937' on page 92 undefined on in
put line 7283.


LaTeX Warning: Reference `casestudies:code937' on page 92 undefined on input li
ne 7283.

 [92]

LaTeX Warning: Hyper reference `casestudies:code938' on page 93 undefined on in
put line 7360.


LaTeX Warning: Reference `casestudies:code938' on page 93 undefined on input li
ne 7360.


Overfull \vbox (12.88164pt too high) detected at line 7406
 []

 [93]

LaTeX Warning: Hyper reference `casestudies:code939' on page 94 undefined on in
put line 7441.


LaTeX Warning: Reference `casestudies:code939' on page 94 undefined on input li
ne 7441.

 [94]

LaTeX Warning: Hyper reference `casestudies:code940' on page 95 undefined on in
put line 7488.


LaTeX Warning: Reference `casestudies:code940' on page 95 undefined on input li
ne 7488.


LaTeX Warning: Hyper reference `casestudies:tab922' on page 95 undefined on inp
ut line 7490.


LaTeX Warning: Reference `casestudies:tab922' on page 95 undefined on input lin
e 7490.


Overfull \vbox (1.88338pt too high) detected at line 7547
 []

 [95]

LaTeX Warning: Hyper reference `casestudies:code941' on page 96 undefined on in
put line 7553.


LaTeX Warning: Reference `casestudies:code941' on page 96 undefined on input li
ne 7553.


LaTeX Warning: Hyper reference `casestudies:code931' on page 96 undefined on in
put line 7557.


LaTeX Warning: Reference `casestudies:code931' on page 96 undefined on input li
ne 7557.

 [96]

LaTeX Warning: Hyper reference `casestudies:tab923' on page 97 undefined on inp
ut line 7611.


LaTeX Warning: Reference `casestudies:tab923' on page 97 undefined on input lin
e 7611.


Underfull \hbox (badness 10000) in paragraph at lines 7700--7700
[]\T1/phv/m/n/10 k-
 []


Overfull \hbox (4.40343pt too wide) in paragraph at lines 7700--7700
\T1/phv/m/n/10 anonymity| 
 []


LaTeX Warning: Hyper reference `casestudies:code942' on page 97 undefined on in
put line 7713.


LaTeX Warning: Reference `casestudies:code942' on page 97 undefined on input li
ne 7713.

 [97]

LaTeX Warning: Hyper reference `casestudies:tab919' on page 98 undefined on inp
ut line 7809.


LaTeX Warning: Reference `casestudies:tab919' on page 98 undefined on input lin
e 7809.


LaTeX Warning: Hyper reference `casestudies:tab924' on page 98 undefined on inp
ut line 7810.


LaTeX Warning: Reference `casestudies:tab924' on page 98 undefined on input lin
e 7810.


LaTeX Warning: Hyper reference `casestudies:code943' on page 98 undefined on in
put line 7812.


LaTeX Warning: Reference `casestudies:code943' on page 98 undefined on input li
ne 7812.

 [98]
Underfull \hbox (badness 10000) in paragraph at lines 7879--7879
[]\T1/ptm/m/n/10 REL (re-la-tion
 []


Underfull \hbox (badness 10000) in paragraph at lines 7879--7879
\T1/ptm/m/n/10 to house-hold
 []


Underfull \hbox (badness 10000) in paragraph at lines 7879--7879
[]\T1/ptm/m/n/10 MAR-I-TAL
 []


Underfull \hbox (badness 10000) in paragraph at lines 7879--7879
\T1/ptm/m/n/10 in com-pleted
 []


Underfull \hbox (badness 10000) in paragraph at lines 7879--7879
\T1/ptm/m/n/10 est level of
 []


Underfull \hbox (badness 10000) in paragraph at lines 7879--7879
\T1/ptm/m/n/10 ed-u-ca-tion
 []


Overfull \vbox (14.12572pt too high) detected at line 7983
 []

 [99]
Underfull \vbox (badness 10000) detected at line 7983
 []


Overfull \vbox (2.68169pt too high) detected at line 7983
 []

 [100]

LaTeX Warning: Hyper reference `casestudies:code944' on page 101 undefined on i
nput line 7990.


LaTeX Warning: Reference `casestudies:code944' on page 101 undefined on input l
ine 7990.


LaTeX Warning: Hyper reference `casestudies:code945' on page 101 undefined on i
nput line 8026.


LaTeX Warning: Reference `casestudies:code945' on page 101 undefined on input l
ine 8026.


LaTeX Warning: Hyper reference `casestudies:code945' on page 101 undefined on i
nput line 8038.


LaTeX Warning: Reference `casestudies:code945' on page 101 undefined on input l
ine 8038.

 [101]

LaTeX Warning: Hyper reference `casestudies:tab925' on page 102 undefined on in
put line 8117.


LaTeX Warning: Reference `casestudies:tab925' on page 102 undefined on input li
ne 8117.

 [102] [103]

LaTeX Warning: Hyper reference `casestudies:code946' on page 104 undefined on i
nput line 8233.


LaTeX Warning: Reference `casestudies:code946' on page 104 undefined on input l
ine 8233.

No file sdcMicroGUImanual.ind.

Package longtable Warning: Table widths have changed. Rerun LaTeX.

Package atveryend Info: Empty hook `BeforeClearDocument' on input line 8249.
 [104]
Package atveryend Info: Empty hook `AfterLastShipout' on input line 8249.
 (./sdcMicroGUImanual.aux)
Package atveryend Info: Executing hook `AtVeryEndDocument' on input line 8249.
Package atveryend Info: Executing hook `AtEndAfterFileList' on input line 8249.


Package rerunfilecheck Warning: File `sdcMicroGUImanual.out' has changed.
(rerunfilecheck)                Rerun to get outlines right
(rerunfilecheck)                or use package `bookmark'.

Package rerunfilecheck Info: Checksums for `sdcMicroGUImanual.out':
(rerunfilecheck)             Before: <no file>
(rerunfilecheck)             After:  0404F8EA7ECF81873CCCC4BD7AB498AC;8486.

LaTeX Warning: There were undefined references.


LaTeX Warning: Label(s) may have changed. Rerun to get cross-references right.

Package atveryend Info: Empty hook `AtVeryVeryEnd' on input line 8249.
 ) 
Here is how much of TeX's memory you used:
 14482 strings out of 493089
 206147 string characters out of 6134842
 456844 words of memory out of 5000000
 17200 multiletter control sequences out of 15000+600000
 69123 words of font info for 95 fonts, out of 8000000 for 9000
 1142 hyphenation exceptions out of 8191
 37i,16n,49p,1373b,479s stack positions out of 5000i,500n,10000p,200000b,80000s
{/usr/local/texlive/2015/texmf-dist/fonts/enc/dvips/base/8r.enc}</usr/local/t
exlive/2015/texmf-dist/fonts/type1/public/amsfonts/cm/cmex10.pfb></usr/local/te
xlive/2015/texmf-dist/fonts/type1/public/amsfonts/cm/cmmi10.pfb></usr/local/tex
live/2015/texmf-dist/fonts/type1/public/amsfonts/cm/cmmi12.pfb></usr/local/texl
ive/2015/texmf-dist/fonts/type1/public/amsfonts/cm/cmmi5.pfb></usr/local/texliv
e/2015/texmf-dist/fonts/type1/public/amsfonts/cm/cmmi7.pfb></usr/local/texlive/
2015/texmf-dist/fonts/type1/public/amsfonts/cm/cmr10.pfb></usr/local/texlive/20
15/texmf-dist/fonts/type1/public/amsfonts/cm/cmsy10.pfb></usr/local/texlive/201
5/texmf-dist/fonts/type1/public/amsfonts/cm/cmsy5.pfb></usr/local/texlive/2015/
texmf-dist/fonts/type1/urw/courier/ucrb8a.pfb></usr/local/texlive/2015/texmf-di
st/fonts/type1/urw/courier/ucrr8a.pfb></usr/local/texlive/2015/texmf-dist/fonts
/type1/urw/courier/ucrro8a.pfb></usr/local/texlive/2015/texmf-dist/fonts/type1/
urw/helvetic/uhvb8a.pfb></usr/local/texlive/2015/texmf-dist/fonts/type1/urw/hel
vetic/uhvbo8a.pfb></usr/local/texlive/2015/texmf-dist/fonts/type1/urw/helvetic/
uhvr8a.pfb></usr/local/texlive/2015/texmf-dist/fonts/type1/urw/times/utmb8a.pfb
></usr/local/texlive/2015/texmf-dist/fonts/type1/urw/times/utmr8a.pfb></usr/loc
al/texlive/2015/texmf-dist/fonts/type1/urw/times/utmri8a.pfb>
Output written on sdcMicroGUImanual.pdf (108 pages, 3442401 bytes).
PDF statistics:
 1099 PDF objects out of 1200 (max. 8388607)
 860 compressed objects within 9 object streams
 391 named destinations out of 1000 (max. 500000)
 266 words of extra memory for PDF output out of 10000 (max. 10000000)

